This is pdfTeX, Version 3.14159265-2.6-1.40.21 (MiKTeX 21.1) (preloaded format=pdflatex 2021.2.16)  17 SEP 2022 13:50
entering extended mode
**./main.tex
(main.tex
LaTeX2e <2020-10-01> patch level 4
L3 programming layer <2021-01-09> xparse <2020-03-03>
(C:\Users\abdel\AppData\Local\Programs\MiKTeX\tex/latex/base\book.cls
Document Class: book 2020/04/10 v1.4m Standard LaTeX document class
(C:\Users\abdel\AppData\Local\Programs\MiKTeX\tex/latex/base\bk12.clo
File: bk12.clo 2020/04/10 v1.4m Standard LaTeX file (size option)
)
\c@part=\count177
\c@chapter=\count178
\c@section=\count179
\c@subsection=\count180
\c@subsubsection=\count181
\c@paragraph=\count182
\c@subparagraph=\count183
\c@figure=\count184
\c@table=\count185
\abovecaptionskip=\skip47
\belowcaptionskip=\skip48
\bibindent=\dimen138
)
(Config/config.tex
(C:\Users\abdel\AppData\Local\Programs\MiKTeX\tex/generic/babel\babel.sty
Package: babel 2020/12/16 3.52 The Babel package

(C:\Users\abdel\AppData\Local\Programs\MiKTeX\tex/generic/babel\babel.def
File: babel.def 2020/12/16 3.52 Babel common definitions
\babel@savecnt=\count186
\U@D=\dimen139
\l@babelnohyphens=\language79

(C:\Users\abdel\AppData\Local\Programs\MiKTeX\tex/generic/babel\txtbabel.def)
\bbl@readstream=\read2
)
\bbl@dirlevel=\count187

*************************************
* Local config file bblopts.cfg used
*
(C:\Users\abdel\AppData\Local\Programs\MiKTeX\tex/latex/arabi\bblopts.cfg
File: bblopts.cfg 2005/09/08 v0.1 add Arabic and Farsi to "declared" options of
 babel
)
(C:\Users\abdel\AppData\Local\Programs\MiKTeX\tex/generic/babel-french\francais
.ldf
Language: francais 2020/10/10 v3.5l French support from the babel system


Package francais.ldf Warning: Option `francais' for Babel is *deprecated*,
(francais.ldf)                it might be removed sooner or later. Please
(francais.ldf)                use `french' instead; reported on input line 31.


(C:\Users\abdel\AppData\Local\Programs\MiKTeX\tex/generic/babel-french\french.l
df
Language: french 2020/10/10 v3.5l French support from the babel system
Package babel Info: \l@acadian = using hyphenrules for french
(babel)             (\language22) on input line 91.
Package babel Info: \l@canadien = using hyphenrules for french
(babel)             (\language22) on input line 92.
\FB@nonchar=\count188
Package babel Info: Making : an active character on input line 430.
Package babel Info: Making ; an active character on input line 431.
Package babel Info: Making ! an active character on input line 432.
Package babel Info: Making ? an active character on input line 433.
\FBguill@level=\count189
\FBold@everypar=\toks15
\FB@Mht=\dimen140
\mc@charclass=\count190
\mc@charfam=\count191
\mc@charslot=\count192
\std@mcc=\count193
\dec@mcc=\count194
\listindentFB=\dimen141
\descindentFB=\dimen142
\labelindentFB=\dimen143
\labelwidthFB=\dimen144
\leftmarginFB=\dimen145
\parindentFFN=\dimen146
\FBfnindent=\dimen147
)))
(C:\Users\abdel\AppData\Local\Programs\MiKTeX\tex/latex/carlisle\scalefnt.sty)
(C:\Users\abdel\AppData\Local\Programs\MiKTeX\tex/latex/graphics\keyval.sty
Package: keyval 2014/10/28 v1.15 key=value parser (DPC)
\KV@toks@=\toks16
)
(C:\Users\abdel\AppData\Local\Programs\MiKTeX\tex/latex/amsmath\amsmath.sty
Package: amsmath 2020/09/23 v2.17i AMS math features
\@mathmargin=\skip49

For additional information on amsmath, use the `?' option.
(C:\Users\abdel\AppData\Local\Programs\MiKTeX\tex/latex/amsmath\amstext.sty
Package: amstext 2000/06/29 v2.01 AMS text

(C:\Users\abdel\AppData\Local\Programs\MiKTeX\tex/latex/amsmath\amsgen.sty
File: amsgen.sty 1999/11/30 v2.0 generic functions
\@emptytoks=\toks17
\ex@=\dimen148
))
(C:\Users\abdel\AppData\Local\Programs\MiKTeX\tex/latex/amsmath\amsbsy.sty
Package: amsbsy 1999/11/29 v1.2d Bold Symbols
\pmbraise@=\dimen149
)
(C:\Users\abdel\AppData\Local\Programs\MiKTeX\tex/latex/amsmath\amsopn.sty
Package: amsopn 2016/03/08 v2.02 operator names
)
\inf@bad=\count195
LaTeX Info: Redefining \frac on input line 234.
\uproot@=\count196
\leftroot@=\count197
LaTeX Info: Redefining \overline on input line 399.
\classnum@=\count198
\DOTSCASE@=\count199
LaTeX Info: Redefining \ldots on input line 496.
LaTeX Info: Redefining \dots on input line 499.
LaTeX Info: Redefining \cdots on input line 620.
\Mathstrutbox@=\box47
\strutbox@=\box48
\big@size=\dimen150
LaTeX Font Info:    Redeclaring font encoding OML on input line 743.
LaTeX Font Info:    Redeclaring font encoding OMS on input line 744.
\macc@depth=\count266
\c@MaxMatrixCols=\count267
\dotsspace@=\muskip16
\c@parentequation=\count268
\dspbrk@lvl=\count269
\tag@help=\toks18
\row@=\count270
\column@=\count271
\maxfields@=\count272
\andhelp@=\toks19
\eqnshift@=\dimen151
\alignsep@=\dimen152
\tagshift@=\dimen153
\tagwidth@=\dimen154
\totwidth@=\dimen155
\lineht@=\dimen156
\@envbody=\toks20
\multlinegap=\skip50
\multlinetaggap=\skip51
\mathdisplay@stack=\toks21
LaTeX Info: Redefining \[ on input line 2923.
LaTeX Info: Redefining \] on input line 2924.
)
(C:\Users\abdel\AppData\Local\Programs\MiKTeX\tex/latex/amsfonts\amssymb.sty
Package: amssymb 2013/01/14 v3.01 AMS font symbols

(C:\Users\abdel\AppData\Local\Programs\MiKTeX\tex/latex/amsfonts\amsfonts.sty
Package: amsfonts 2013/01/14 v3.01 Basic AMSFonts support
\symAMSa=\mathgroup4
\symAMSb=\mathgroup5
LaTeX Font Info:    Redeclaring math symbol \hbar on input line 98.
LaTeX Font Info:    Overwriting math alphabet `\mathfrak' in version `bold'
(Font)                  U/euf/m/n --> U/euf/b/n on input line 106.
)) (C:\Users\abdel\AppData\Local\Programs\MiKTeX\tex/latex/base\latexsym.sty
Package: latexsym 1998/08/17 v2.2e Standard LaTeX package (lasy symbols)
\symlasy=\mathgroup6
LaTeX Font Info:    Overwriting symbol font `lasy' in version `bold'
(Font)                  U/lasy/m/n --> U/lasy/b/n on input line 52.
)
(C:\Users\abdel\AppData\Local\Programs\MiKTeX\tex/latex/pstricks\pstricks.sty
Package: pstricks 2020/06/11 v0.70 LaTeX wrapper for `PSTricks' (RN,HV)

(C:\Users\abdel\AppData\Local\Programs\MiKTeX\tex/generic/iftex\iftex.sty
Package: iftex 2020/03/06 v1.0d TeX engine tests
)
(C:\Users\abdel\AppData\Local\Programs\MiKTeX\tex/latex/xcolor\xcolor.sty
Package: xcolor 2016/05/11 v2.12 LaTeX color extensions (UK)

(C:\Users\abdel\AppData\Local\Programs\MiKTeX\tex/latex/graphics-cfg\color.cfg
File: color.cfg 2016/01/02 v1.6 sample color configuration
)
Package xcolor Info: Driver file: pdftex.def on input line 225.

(C:\Users\abdel\AppData\Local\Programs\MiKTeX\tex/latex/graphics-def\pdftex.def
File: pdftex.def 2020/10/05 v1.2a Graphics/color driver for pdftex
)
Package xcolor Info: Model `cmy' substituted by `cmy0' on input line 1348.
Package xcolor Info: Model `hsb' substituted by `rgb' on input line 1352.
Package xcolor Info: Model `RGB' extended on input line 1364.
Package xcolor Info: Model `HTML' substituted by `rgb' on input line 1366.
Package xcolor Info: Model `Hsb' substituted by `hsb' on input line 1367.
Package xcolor Info: Model `tHsb' substituted by `hsb' on input line 1368.
Package xcolor Info: Model `HSB' substituted by `hsb' on input line 1369.
Package xcolor Info: Model `Gray' substituted by `gray' on input line 1370.
Package xcolor Info: Model `wave' substituted by `hsb' on input line 1371.
)
(C:\Users\abdel\AppData\Local\Programs\MiKTeX\tex/generic/xkeyval\pst-xkey.tex
File: pst-xkey.tex 2005/11/25 v1.6 PSTricks specialization of xkeyval (HA)

(C:\Users\abdel\AppData\Local\Programs\MiKTeX\tex/latex/xkeyval\xkeyval.sty
Package: xkeyval 2020/11/20 v2.8 package option processing (HA)

(C:\Users\abdel\AppData\Local\Programs\MiKTeX\tex/generic/xkeyval\xkeyval.tex
(C:\Users\abdel\AppData\Local\Programs\MiKTeX\tex/generic/xkeyval\xkvutils.tex
\XKV@toks=\toks22
\XKV@tempa@toks=\toks23
)
\XKV@depth=\count273
File: xkeyval.tex 2014/12/03 v2.7a key=value parser (HA)
)))
(C:\Users\abdel\AppData\Local\Programs\MiKTeX\tex/generic/pstricks\pstricks.tex
(C:\Users\abdel\AppData\Local\Programs\MiKTeX\tex/generic/pstricks\pst-fp.tex
`pst-fp' v0.06, 2020/11/20 (hv)
\pstFP@xs=\count274
\pstFP@xia=\count275
\pstFP@xib=\count276
\pstFP@xfa=\count277
\pstFP@xfb=\count278
\pstFP@rega=\count279
\pstFP@regb=\count280
\pstFP@regs=\count281
\pstFP@times=\count282
)
(C:\Users\abdel\AppData\Local\Programs\MiKTeX\tex/generic/pgf/utilities\pgfutil
-common.tex
\pgfutil@everybye=\toks24
\pgfutil@tempdima=\dimen157
\pgfutil@tempdimb=\dimen158

(C:\Users\abdel\AppData\Local\Programs\MiKTeX\tex/generic/pgf/utilities\pgfutil
-common-lists.tex))
(C:\Users\abdel\AppData\Local\Programs\MiKTeX\tex/generic/pgf/utilities\pgfkeys
.code.tex
\pgfkeys@pathtoks=\toks25
\pgfkeys@temptoks=\toks26

(C:\Users\abdel\AppData\Local\Programs\MiKTeX\tex/generic/pgf/utilities\pgfkeys
filtered.code.tex
\pgfkeys@tmptoks=\toks27
))
(C:\Users\abdel\AppData\Local\Programs\MiKTeX\tex/generic/pgf/utilities\pgffor.
code.tex
Loading pgffor.code.tex

(C:\Users\abdel\AppData\Local\Programs\MiKTeX\tex/generic/pgf/math\pgfmath.code
.tex
(C:\Users\abdel\AppData\Local\Programs\MiKTeX\tex/generic/pgf/math\pgfmathcalc.
code.tex
(C:\Users\abdel\AppData\Local\Programs\MiKTeX\tex/generic/pgf/math\pgfmathutil.
code.tex
\pgf@x=\dimen159
\pgf@xa=\dimen160
\pgf@xb=\dimen161
\pgf@xc=\dimen162
\pgf@y=\dimen163
\pgf@ya=\dimen164
\pgf@yb=\dimen165
\pgf@yc=\dimen166
\c@pgf@counta=\count283
\c@pgf@countb=\count284
\c@pgf@countc=\count285
\c@pgf@countd=\count286
\pgfutil@tempcnta=\count287
\pgfutil@tempcntb=\count288
)
(C:\Users\abdel\AppData\Local\Programs\MiKTeX\tex/generic/pgf/math\pgfmathparse
r.code.tex
\pgfmath@dimen=\dimen167
\pgfmath@count=\count289
\pgfmath@box=\box49
\pgfmath@toks=\toks28
\pgfmath@stack@operand=\toks29
\pgfmath@stack@operation=\toks30
)
(C:\Users\abdel\AppData\Local\Programs\MiKTeX\tex/generic/pgf/math\pgfmathfunct
ions.code.tex
(C:\Users\abdel\AppData\Local\Programs\MiKTeX\tex/generic/pgf/math\pgfmathfunct
ions.basic.code.tex)
(C:\Users\abdel\AppData\Local\Programs\MiKTeX\tex/generic/pgf/math\pgfmathfunct
ions.trigonometric.code.tex)
(C:\Users\abdel\AppData\Local\Programs\MiKTeX\tex/generic/pgf/math\pgfmathfunct
ions.random.code.tex)
(C:\Users\abdel\AppData\Local\Programs\MiKTeX\tex/generic/pgf/math\pgfmathfunct
ions.comparison.code.tex)
(C:\Users\abdel\AppData\Local\Programs\MiKTeX\tex/generic/pgf/math\pgfmathfunct
ions.base.code.tex)
(C:\Users\abdel\AppData\Local\Programs\MiKTeX\tex/generic/pgf/math\pgfmathfunct
ions.round.code.tex)
(C:\Users\abdel\AppData\Local\Programs\MiKTeX\tex/generic/pgf/math\pgfmathfunct
ions.misc.code.tex)
(C:\Users\abdel\AppData\Local\Programs\MiKTeX\tex/generic/pgf/math\pgfmathfunct
ions.integerarithmetics.code.tex)))
(C:\Users\abdel\AppData\Local\Programs\MiKTeX\tex/generic/pgf/math\pgfmathfloat
.code.tex
\c@pgfmathroundto@lastzeros=\count290
))
\pgffor@iter=\dimen168
\pgffor@skip=\dimen169
\pgffor@stack=\toks31
\pgffor@toks=\toks32
)
\psLoopIndex=\count291

`PSTricks' v3.02  <2021/05/31> (tvz,hv)
\pst@dima=\dimen170
\pst@dimb=\dimen171
\pst@dimc=\dimen172
\pst@dimd=\dimen173
\pst@dimg=\dimen174
\pst@dimh=\dimen175
\pst@dimm=\dimen176
\pst@dimn=\dimen177
\pst@dimo=\dimen178
\pst@dimp=\dimen179
\pst@hbox=\box50
\pst@ibox=\box51
\pst@boxg=\box52
\pst@cnta=\count292
\pst@cntb=\count293
\pst@cntc=\count294
\pst@cntd=\count295
\pst@cntg=\count296
\pst@cnth=\count297
\pst@cntm=\count298
\pst@cntn=\count299
\pst@cnto=\count300
\pst@cntp=\count301
\@zero=\count302
\pst@toks=\toks33

(C:\Users\abdel\AppData\Local\Programs\MiKTeX\tex/generic/pstricks\pstricks.con
)
\psunit=\dimen180
\psxunit=\dimen181
\psyunit=\dimen182
\pst@C@@rType=\count303
\pslinewidth=\dimen183
\psk@startLW=\dimen184
\psk@endLW=\dimen185
\pst@customdefs=\toks34
\pslinearc=\dimen186
\pst@symbolStep=\dimen187
\pst@symbolWidth=\dimen188
\pst@symbolLinewidth=\dimen189
\everypsbox=\toks35
\psframesep=\dimen190
\pslabelsep=\dimen191
\sh@wgridXunit=\dimen192
\sh@wgridYunit=\dimen193
\pst@shift=\dimen194
)
File: pstricks.tex 2021/05/31 v3.02 `PSTricks' (tvz,hv)

(C:\Users\abdel\AppData\Local\Programs\MiKTeX\tex/generic/pstricks\pst-fp.tex
`pst-fp' v0.06, 2020/11/20 (hv))
File: pst-fp.tex 2020/11/20 v0.06 `PST-fp' (hv)
)
(C:\Users\abdel\AppData\Local\Programs\MiKTeX\tex/latex/pst-plot\pst-plot.sty
Package: pst-plot 2011/06/05 v1.00 LaTeX wrapper for `pst-plot' (HV)

(C:\Users\abdel\AppData\Local\Programs\MiKTeX\tex/latex/xkeyval\pst-xkey.sty
Package: pst-xkey 2005/11/25 v1.6 package wrapper for pst-xkey.tex (HA)
)
(C:\Users\abdel\AppData\Local\Programs\MiKTeX\tex/latex/multido\multido.sty
Package: multido 2004/05/17 package wrapper for PSTricks `multido.tex', (HV/RN)


(C:\Users\abdel\AppData\Local\Programs\MiKTeX\tex/generic/multido\multido.tex
 v1.42, 2010/05/14 <tvz>
\multido@count=\count304
\multidocount=\count305
\multido@stuff=\toks36
)
File: multido.tex 2010/05/14 v1.42 `multido' (tvz,hv)
)
Package: pst-plot 2011/04/13 package wrapper for pst-plot.tex (hv)

(C:\Users\abdel\AppData\Local\Programs\MiKTeX\tex/generic/pst-plot\pst-plot.tex

(C:\Users\abdel\AppData\Local\Programs\MiKTeX\tex/generic/pst-tools\pst-tools.t
ex `PST-tools' v0.10, 2020/03/24 (hv)
\randomi=\count306
\ranval=\count307
)
(C:\Users\abdel\AppData\Local\Programs\MiKTeX\tex/generic/pstricks-add\pstricks
-add.tex
(C:\Users\abdel\AppData\Local\Programs\MiKTeX\tex/generic/pst-node\pst-node.tex
 v1.42a, 2020/04/01
\psrow=\count308
\pscol=\count309
\psmatrixcnt=\count310
\psrowsep=\skip52
\pscolsep=\skip53
\pst@args=\count311
\num@pts=\count312
\pst@argcnt=\count313
)
(C:\Users\abdel\AppData\Local\Programs\MiKTeX\tex/generic/pst-arrow\pst-arrow.t
ex `pst-arrow' v0.01, 2016/09/01 (dr,hv)
\pshooklength=\dimen195
\pshookwidth=\dimen196
)
(C:\Users\abdel\AppData\Local\Programs\MiKTeX\tex/generic/pst-3d\pst-3d.tex
`PST-3d' v1.11, 2010/02/14 (tvz))
(C:\Users\abdel\AppData\Local\Programs\MiKTeX\tex/generic/pst-math\pst-math.tex
`pst-math' v0.64 , (CJ,hv)) `pstricks-add' v3.89a, 2020/02/12 (dr,hv)
\psparallelogramsep=\dimen197
\pst@cntC=\count314
\pst@stepcount=\count315
\chart@ColorIndex=\dimen198
\chart@ColorStep=\dimen199
\pst@chartHeight=\dimen256
\pst@chartStackDepth=\dimen257
\pst@chartStackWidth=\dimen258
\chart@Toggle=\count316
\psVectorCtr=\count317
)
 v1.92, 2019/05/16 (tvz,hv)
\pstRadUnit=\dimen259
\pstRadUnitInv=\dimen260
\pst@linecnt=\count318
\RCD@file=\read3
\psxlabelsep=\dimen261
\psylabelsep=\dimen262
\psk@subticksize=\dimen263
\pst@xticksizeA=\dimen264
\pst@xticksizeB=\dimen265
\pst@xticksizeC=\dimen266
\pst@yticksizeA=\dimen267
\pst@yticksizeB=\dimen268
\pst@yticksizeC=\dimen269
\@digitcounter=\count319
\psk@llx=\dimen270
\psk@lly=\dimen271
\psk@urx=\dimen272
\psk@ury=\dimen273
\pst@xunit=\dimen274
\pst@yunit=\dimen275
)
File: pst-plot.tex 2019/05/16 1.92 `pst-plot' (tvz,hv)
)
(C:\Users\abdel\AppData\Local\Programs\MiKTeX\tex/latex/psfrag\psfrag.sty
Package: psfrag 1998/04/11 v3.04 PSfrag (MCG)

(C:\Users\abdel\AppData\Local\Programs\MiKTeX\tex/latex/graphics\graphics.sty
Package: graphics 2020/08/30 v1.4c Standard LaTeX Graphics (DPC,SPQR)

(C:\Users\abdel\AppData\Local\Programs\MiKTeX\tex/latex/graphics\trig.sty
Package: trig 2016/01/03 v1.10 sin cos tan (DPC)
)
(C:\Users\abdel\AppData\Local\Programs\MiKTeX\tex/latex/graphics-cfg\graphics.c
fg
File: graphics.cfg 2016/06/04 v1.11 sample graphics configuration
)
Package graphics Info: Driver file: pdftex.def on input line 105.
)
\pfg@pcount=\count320
\pfg@scount=\count321
\pfg@temp=\write3
)
(C:\Users\abdel\AppData\Local\Programs\MiKTeX\tex/latex/amsfonts\euscript.sty
Package: euscript 2009/06/22 v3.00 Euler Script fonts
LaTeX Font Info:    Overwriting math alphabet `\EuScript' in version `bold'
(Font)                  U/eus/m/n --> U/eus/b/n on input line 33.
)
(C:\Users\abdel\AppData\Local\Programs\MiKTeX\tex/latex/base\inputenc.sty
Package: inputenc 2020/08/01 v1.3d Input encoding file
\inpenc@prehook=\toks37
\inpenc@posthook=\toks38

(C:\Users\abdel\AppData\Local\Programs\MiKTeX\tex/latex/ucs\utf8x.def
File: utf8x.def 2004/10/17 UCS: Input encoding UTF-8
))
(C:\Users\abdel\AppData\Local\Programs\MiKTeX\tex/latex/ucs\ucs.sty
Package: ucs 2013/05/11 v2.2 UCS: Unicode input support

(C:\Users\abdel\AppData\Local\Programs\MiKTeX\tex/latex/ucs\uni-global.def
File: uni-global.def 2013/05/13 UCS: Unicode global data
)
\uc@secondtry=\count322
\uc@combtoks=\toks39
\uc@combtoksb=\toks40
\uc@temptokena=\toks41
)
(C:\Users\abdel\AppData\Local\Programs\MiKTeX\tex/latex/graphics\graphicx.sty
Package: graphicx 2020/09/09 v1.2b Enhanced LaTeX Graphics (DPC,SPQR)
\Gin@req@height=\dimen276
\Gin@req@width=\dimen277
)
(C:\Users\abdel\AppData\Local\Programs\MiKTeX\tex/latex/latex-tools\calc.sty
Package: calc 2017/05/25 v4.3 Infix arithmetic (KKT,FJ)
\calc@Acount=\count323
\calc@Bcount=\count324
\calc@Adimen=\dimen278
\calc@Bdimen=\dimen279
\calc@Askip=\skip54
\calc@Bskip=\skip55
LaTeX Info: Redefining \setlength on input line 80.
LaTeX Info: Redefining \addtolength on input line 81.
\calc@Ccount=\count325
\calc@Cskip=\skip56
)
(C:\Users\abdel\AppData\Local\Programs\MiKTeX\tex/latex/multirow\multirow.sty
Package: multirow 2021/03/15 v2.8 Span multiple rows of a table
\multirow@colwidth=\skip57
\multirow@cntb=\count326
\multirow@dima=\skip58
\bigstrutjot=\dimen280
)
(C:\Users\abdel\AppData\Local\Programs\MiKTeX\tex/latex/subfigure\subfigure.sty
Package: subfigure 2002/07/30 v2.1.4 subfigure package
\subfigtopskip=\skip59
\subfigcapskip=\skip60
\subfigcaptopadj=\dimen281
\subfigbottomskip=\skip61
\subfigcapmargin=\dimen282
\subfiglabelskip=\skip62
\c@subfigure=\count327
\c@lofdepth=\count328
\c@subtable=\count329
\c@lotdepth=\count330
****************************************
* Local config file subfigure.cfg used *
****************************************

(C:\Users\abdel\AppData\Local\Programs\MiKTeX\tex/latex/subfigure\subfigure.cfg
)
\subfig@top=\skip63
\subfig@bottom=\skip64
)
(C:\Users\abdel\AppData\Local\Programs\MiKTeX\tex/latex/setspace\setspace.sty
Package: setspace 2011/12/19 v6.7a set line spacing
)
(C:\Users\abdel\AppData\Local\Programs\MiKTeX\tex/latex/latex-tools\multicol.st
y
Package: multicol 2019/12/09 v1.8y multicolumn formatting (FMi)
\c@tracingmulticols=\count331
\mult@box=\box53
\multicol@leftmargin=\dimen283
\c@unbalance=\count332
\c@collectmore=\count333
\doublecol@number=\count334
\multicoltolerance=\count335
\multicolpretolerance=\count336
\full@width=\dimen284
\page@free=\dimen285
\premulticols=\dimen286
\postmulticols=\dimen287
\multicolsep=\skip65
\multicolbaselineskip=\skip66
\partial@page=\box54
\last@line=\box55
\maxbalancingoverflow=\dimen288
\mult@rightbox=\box56
\mult@grightbox=\box57
\mult@gfirstbox=\box58
\mult@firstbox=\box59
\@tempa=\box60
\@tempa=\box61
\@tempa=\box62
\@tempa=\box63
\@tempa=\box64
\@tempa=\box65
\@tempa=\box66
\@tempa=\box67
\@tempa=\box68
\@tempa=\box69
\@tempa=\box70
\@tempa=\box71
\@tempa=\box72
\@tempa=\box73
\@tempa=\box74
\@tempa=\box75
\@tempa=\box76
\@tempa=\box77
\@tempa=\box78
\@tempa=\box79
\@tempa=\box80
\@tempa=\box81
\@tempa=\box82
\@tempa=\box83
\@tempa=\box84
\@tempa=\box85
\@tempa=\box86
\@tempa=\box87
\@tempa=\box88
\@tempa=\box89
\@tempa=\box90
\@tempa=\box91
\@tempa=\box92
\@tempa=\box93
\@tempa=\box94
\@tempa=\box95
\@tempa=\box96
\c@minrows=\count337
\c@columnbadness=\count338
\c@finalcolumnbadness=\count339
\last@try=\dimen289
\multicolovershoot=\dimen290
\multicolundershoot=\dimen291
\mult@nat@firstbox=\box97
\colbreak@box=\box98
\mc@col@check@num=\count340
)
(C:\Users\abdel\AppData\Local\Programs\MiKTeX\tex/latex/floatflt\floatflt.sty
Package: floatflt 1997/07/16 v. 1.31
\c@OptionTest=\count341
\figbox=\box99
\tabbox=\box100
\pagebox=\box101
\ffigcount=\count342
\ftabcount=\count343
\fftest=\count344
\hangcount=\count345
\nosuccesstryfig=\count346
\nosuccesstrytab=\count347
\figgutter=\dimen292
\tabgutter=\dimen293
\htdone=\dimen294
\pageht=\dimen295
\startpageht=\dimen296
\tabbredd=\dimen297
\floatfltwidth=\dimen298
\fltitemwidth=\dimen299
\outputpretest=\toks42
)
(C:\Users\abdel\AppData\Local\Programs\MiKTeX\tex/latex/fancyhdr\fancyhdr.sty
Package: fancyhdr 2021/01/28 v4.0.1 Extensive control of page headers and foote
rs
\f@nch@headwidth=\skip67
\f@nch@O@elh=\skip68
\f@nch@O@erh=\skip69
\f@nch@O@olh=\skip70
\f@nch@O@orh=\skip71
\f@nch@O@elf=\skip72
\f@nch@O@erf=\skip73
\f@nch@O@olf=\skip74
\f@nch@O@orf=\skip75
)
(C:\Users\abdel\AppData\Local\Programs\MiKTeX\tex/latex/latex-tools\longtable.s
ty
Package: longtable 2020/01/07 v4.13 Multi-page Table package (DPC)
\LTleft=\skip76
\LTright=\skip77
\LTpre=\skip78
\LTpost=\skip79
\LTchunksize=\count348
\LTcapwidth=\dimen300
\LT@head=\box102
\LT@firsthead=\box103
\LT@foot=\box104
\LT@lastfoot=\box105
\LT@cols=\count349
\LT@rows=\count350
\c@LT@tables=\count351
\c@LT@chunks=\count352
\LT@p@ftn=\toks43
) (C:\Users\abdel\AppData\Local\Programs\MiKTeX\tex/latex/amscls\amsthm.sty
Package: amsthm 2020/05/29 v2.20.6
\thm@style=\toks44
\thm@bodyfont=\toks45
\thm@headfont=\toks46
\thm@notefont=\toks47
\thm@headpunct=\toks48
\thm@preskip=\skip80
\thm@postskip=\skip81
\thm@headsep=\skip82
\dth@everypar=\toks49
)
(C:\Users\abdel\AppData\Local\Programs\MiKTeX\tex/latex/geometry\geometry.sty
Package: geometry 2020/01/02 v5.9 Page Geometry

(C:\Users\abdel\AppData\Local\Programs\MiKTeX\tex/generic/iftex\ifvtex.sty
Package: ifvtex 2019/10/25 v1.7 ifvtex legacy package. Use iftex instead.
)
\Gm@cnth=\count353
\Gm@cntv=\count354
\c@Gm@tempcnt=\count355
\Gm@bindingoffset=\dimen301
\Gm@wd@mp=\dimen302
\Gm@odd@mp=\dimen303
\Gm@even@mp=\dimen304
\Gm@layoutwidth=\dimen305
\Gm@layoutheight=\dimen306
\Gm@layouthoffset=\dimen307
\Gm@layoutvoffset=\dimen308
\Gm@dimlist=\toks50

(C:\Users\abdel\AppData\Local\Programs\MiKTeX\tex/latex/geometry\geometry.cfg))
\c@prop=\count356
\c@defi=\count357
\c@thm=\count358
\c@rmq=\count359
\c@exem=\count360
\c@corollaire=\count361
\c@lem=\count362
(C:\Users\abdel\AppData\Local\Programs\MiKTeX\tex/generic/xypic\xy.sty
(C:\Users\abdel\AppData\Local\Programs\MiKTeX\tex/generic/xypic\xy.tex
Bootstrap'ing: catcodes, docmode,
(C:\Users\abdel\AppData\Local\Programs\MiKTeX\tex/generic/xypic\xyrecat.tex)
(C:\Users\abdel\AppData\Local\Programs\MiKTeX\tex/generic/xypic\xyidioms.tex)

 Xy-pic version 3.8.9 <2013/10/06>
 Copyright (c) 1991-2013 by Kristoffer H. Rose <krisrose@tug.org> and others
 Xy-pic is free software: see the User's Guide for details.

Loading kernel: messages; fonts; allocations: state,
\X@c=\dimen309
\Y@c=\dimen310
\U@c=\dimen311
\D@c=\dimen312
\L@c=\dimen313
\R@c=\dimen314
\Edge@c=\toks51
\X@p=\dimen315
\Y@p=\dimen316
\U@p=\dimen317
\D@p=\dimen318
\L@p=\dimen319
\R@p=\dimen320
\Edge@p=\toks52
\X@origin=\dimen321
\Y@origin=\dimen322
\X@xbase=\dimen323
\Y@xbase=\dimen324
\X@ybase=\dimen325
\Y@ybase=\dimen326
\X@min=\dimen327
\Y@min=\dimen328
\X@max=\dimen329
\Y@max=\dimen330
\lastobjectbox@=\box106
\zerodotbox@=\box107
\almostz@=\dimen331
 direction,
\d@X=\dimen332
\d@Y=\dimen333
\K@=\count363
\KK@=\count364
\Direction=\count365
\K@dXdY=\dimen334
\K@dYdX=\dimen335
\xyread@=\read4
\xywrite@=\write4
\csp@=\count366
\quotPTK@=\dimen336

utility macros; pictures: \xy, positions,
\swaptoks@@=\toks53
\connectobjectbox@@=\box108
 objects,
\styletoks@=\toks54
 decorations;
kernel objects: directionals, circles, text; options; algorithms: directions,
edges, connections;  Xy-pic loaded)
(C:\Users\abdel\AppData\Local\Programs\MiKTeX\tex/generic/iftex\ifpdf.sty
Package: ifpdf 2019/10/25 v3.4 ifpdf legacy package. Use iftex instead.
)
Package: xy 2013/10/06 Xy-pic version 3.8.9

(C:\Users\abdel\AppData\Local\Programs\MiKTeX\tex/generic/xypic\xyall.tex
 Xy-pic option: All features v.3.8
(C:\Users\abdel\AppData\Local\Programs\MiKTeX\tex/generic/xypic\xycurve.tex
 Xy-pic option: Curve and Spline extension v.3.12 curve,
\crv@cnt@=\count367
\crvpts@=\toks55
\splinebox@=\box109
\splineval@=\dimen337
\splinedepth@=\dimen338
\splinetol@=\dimen339
\splinelength@=\dimen340
 circles,
\L@=\dimen341
 loaded)
(C:\Users\abdel\AppData\Local\Programs\MiKTeX\tex/generic/xypic\xyframe.tex
 Xy-pic option: Frame and Bracket extension v.3.14 loaded)
(C:\Users\abdel\AppData\Local\Programs\MiKTeX\tex/generic/xypic\xycmtip.tex
 Xy-pic option: Computer Modern tip extension v.3.7
(C:\Users\abdel\AppData\Local\Programs\MiKTeX\tex/generic/xypic\xytips.tex
 Xy-pic option: More Tips extension v.3.11 loaded) loaded)
(C:\Users\abdel\AppData\Local\Programs\MiKTeX\tex/generic/xypic\xyline.tex
 Xy-pic option: Line styles extension v.3.10
\xylinethick@=\dimen342
 loaded)
(C:\Users\abdel\AppData\Local\Programs\MiKTeX\tex/generic/xypic\xyrotate.tex
 Xy-pic option: Rotate and Scale extension v.3.8 loaded)
(C:\Users\abdel\AppData\Local\Programs\MiKTeX\tex/generic/xypic\xycolor.tex
 Xy-pic option: Colour extension v.3.11 loaded)
(C:\Users\abdel\AppData\Local\Programs\MiKTeX\tex/generic/xypic\xymatrix.tex
 Xy-pic option: Matrix feature v.3.14
\Row=\count368
\Col=\count369
\queue@=\toks56
\queue@@=\toks57
\qcount@=\count370
\qcount@@=\count371
\matrixsize@=\count372
 loaded)
(C:\Users\abdel\AppData\Local\Programs\MiKTeX\tex/generic/xypic\xyarrow.tex
 Xy-pic option: Arrow and Path feature v.3.9 path, \ar, loaded)
(C:\Users\abdel\AppData\Local\Programs\MiKTeX\tex/generic/xypic\xygraph.tex
 Xy-pic option: Graph feature v.3.11 loaded) loaded)
(C:\Users\abdel\AppData\Local\Programs\MiKTeX\tex/generic/xypic\xypdf.tex
 Xy-pic option: PDF driver v.1.7 Xy-pic pdf driver: `color' extension support
(C:\Users\abdel\AppData\Local\Programs\MiKTeX\tex/generic/xypic\xypdf-co.tex
loaded) Xy-pic pdf driver: `curve' extension support
(C:\Users\abdel\AppData\Local\Programs\MiKTeX\tex/generic/xypic\xypdf-cu.tex
loaded) Xy-pic pdf driver: `frame' extension support
(C:\Users\abdel\AppData\Local\Programs\MiKTeX\tex/generic/xypic\xypdf-fr.tex
loaded) Xy-pic pdf driver: `line' extension support
(C:\Users\abdel\AppData\Local\Programs\MiKTeX\tex/generic/xypic\xypdf-li.tex
loaded) Xy-pic pdf driver: `rotate' extension support
(C:\Users\abdel\AppData\Local\Programs\MiKTeX\tex/generic/xypic\xypdf-ro.tex
loaded) loaded))
(C:\Users\abdel\AppData\Local\Programs\MiKTeX\tex/latex/doublestroke\dsfont.sty
Package: dsfont 1995/08/01 v0.1 Double stroke roman fonts
) (C:\Users\abdel\AppData\Local\Programs\MiKTeX\tex/latex/listings\listings.sty
\lst@mode=\count373
\lst@gtempboxa=\box110
\lst@token=\toks58
\lst@length=\count374
\lst@currlwidth=\dimen343
\lst@column=\count375
\lst@pos=\count376
\lst@lostspace=\dimen344
\lst@width=\dimen345
\lst@newlines=\count377
\lst@lineno=\count378
\lst@maxwidth=\dimen346
(C:\Users\abdel\AppData\Local\Programs\MiKTeX\tex/latex/listings\lstmisc.sty
File: lstmisc.sty 2020/03/24 1.8d (Carsten Heinz)
\c@lstnumber=\count379
\lst@skipnumbers=\count380
\lst@framebox=\box111
)
(C:\Users\abdel\AppData\Local\Programs\MiKTeX\tex/latex/listings\listings.cfg
File: listings.cfg 2020/03/24 1.8d listings configuration
))
Package: listings 2020/03/24 1.8d (Carsten Heinz)
) (C:\Users\abdel\AppData\Local\Programs\MiKTeX\tex/latex/hyperref\hyperref.sty
Package: hyperref 2020-05-15 v7.00e Hypertext links for LaTeX
(C:\Users\abdel\AppData\Local\Programs\MiKTeX\tex/generic/ltxcmds\ltxcmds.sty
Package: ltxcmds 2020-05-10 v1.25 LaTeX kernel commands for general use (HO)
)
(C:\Users\abdel\AppData\Local\Programs\MiKTeX\tex/generic/pdftexcmds\pdftexcmds
.sty
Package: pdftexcmds 2020-06-27 v0.33 Utility functions of pdfTeX for LuaTeX (HO
)

(C:\Users\abdel\AppData\Local\Programs\MiKTeX\tex/generic/infwarerr\infwarerr.s
ty
Package: infwarerr 2019/12/03 v1.5 Providing info/warning/error messages (HO)
)
Package pdftexcmds Info: \pdf@primitive is available.
Package pdftexcmds Info: \pdf@ifprimitive is available.
Package pdftexcmds Info: \pdfdraftmode found.
)
(C:\Users\abdel\AppData\Local\Programs\MiKTeX\tex/generic/kvsetkeys\kvsetkeys.s
ty
Package: kvsetkeys 2019/12/15 v1.18 Key value parser (HO)
)
(C:\Users\abdel\AppData\Local\Programs\MiKTeX\tex/generic/kvdefinekeys\kvdefine
keys.sty
Package: kvdefinekeys 2019-12-19 v1.6 Define keys (HO)
)
(C:\Users\abdel\AppData\Local\Programs\MiKTeX\tex/generic/pdfescape\pdfescape.s
ty
Package: pdfescape 2019/12/09 v1.15 Implements pdfTeX's escape features (HO)
) (C:\Users\abdel\AppData\Local\Programs\MiKTeX\tex/latex/hycolor\hycolor.sty
Package: hycolor 2020-01-27 v1.10 Color options for hyperref/bookmark (HO)
)
(C:\Users\abdel\AppData\Local\Programs\MiKTeX\tex/latex/letltxmacro\letltxmacro
.sty
Package: letltxmacro 2019/12/03 v1.6 Let assignment for LaTeX macros (HO)
)
(C:\Users\abdel\AppData\Local\Programs\MiKTeX\tex/latex/auxhook\auxhook.sty
Package: auxhook 2019-12-17 v1.6 Hooks for auxiliary files (HO)
)
(C:\Users\abdel\AppData\Local\Programs\MiKTeX\tex/latex/kvoptions\kvoptions.sty
Package: kvoptions 2020-10-07 v3.14 Key value format for package options (HO)
)
\@linkdim=\dimen347
\Hy@linkcounter=\count381
\Hy@pagecounter=\count382
 (C:\Users\abdel\AppData\Local\Programs\MiKTeX\tex/latex/hyperref\pd1enc.def
File: pd1enc.def 2020-05-15 v7.00e Hyperref: PDFDocEncoding definition (HO)
)
(C:\Users\abdel\AppData\Local\Programs\MiKTeX\tex/generic/intcalc\intcalc.sty
Package: intcalc 2019/12/15 v1.3 Expandable calculations with integers (HO)
)
(C:\Users\abdel\AppData\Local\Programs\MiKTeX\tex/generic/etexcmds\etexcmds.sty
Package: etexcmds 2019/12/15 v1.7 Avoid name clashes with e-TeX commands (HO)
)
\Hy@SavedSpaceFactor=\count383
Package hyperref Info: Option `colorlinks' set `true' on input line 4338.
Package hyperref Info: Option `breaklinks' set `true' on input line 4338.
Package hyperref Info: Option `bookmarks' set `false' on input line 4338.
Package hyperref Info: Hyper figures OFF on input line 4464.
Package hyperref Info: Link nesting OFF on input line 4469.
Package hyperref Info: Hyper index ON on input line 4472.
Package hyperref Info: Plain pages OFF on input line 4479.
Package hyperref Info: Backreferencing OFF on input line 4484.
Package hyperref Info: Implicit mode ON; LaTeX internals redefined.
Package hyperref Info: Bookmarks OFF on input line 4723.
\c@Hy@tempcnt=\count384
 (C:\Users\abdel\AppData\Local\Programs\MiKTeX\tex/latex/url\url.sty
\Urlmuskip=\muskip17
Package: url 2013/09/16  ver 3.4  Verb mode for urls, etc.
)
LaTeX Info: Redefining \url on input line 5076.
\XeTeXLinkMargin=\dimen348

(C:\Users\abdel\AppData\Local\Programs\MiKTeX\tex/generic/bitset\bitset.sty
Package: bitset 2019/12/09 v1.3 Handle bit-vector datatype (HO)

(C:\Users\abdel\AppData\Local\Programs\MiKTeX\tex/generic/bigintcalc\bigintcalc
.sty
Package: bigintcalc 2019/12/15 v1.5 Expandable calculations on big integers (HO
)
))
\Fld@menulength=\count385
\Field@Width=\dimen349
\Fld@charsize=\dimen350
Package hyperref Info: Hyper figures OFF on input line 6347.
Package hyperref Info: Link nesting OFF on input line 6352.
Package hyperref Info: Hyper index ON on input line 6355.
Package hyperref Info: backreferencing OFF on input line 6362.
Package hyperref Info: Link coloring ON on input line 6365.
Package hyperref Info: Link coloring with OCG OFF on input line 6372.
Package hyperref Info: PDF/A mode OFF on input line 6377.
LaTeX Info: Redefining \ref on input line 6417.
LaTeX Info: Redefining \pageref on input line 6421.

(C:\Users\abdel\AppData\Local\Programs\MiKTeX\tex/latex/base\atbegshi-ltx.sty
Package: atbegshi-ltx 2020/08/17 v1.0a Emulation of the original atbegshi packa
ge
with kernel methods
)
\Hy@abspage=\count386
\c@Item=\count387
\c@Hfootnote=\count388
)
Package hyperref Info: Driver (autodetected): hpdftex.
(C:\Users\abdel\AppData\Local\Programs\MiKTeX\tex/latex/hyperref\hpdftex.def
File: hpdftex.def 2020-05-15 v7.00e Hyperref driver for pdfTeX

(C:\Users\abdel\AppData\Local\Programs\MiKTeX\tex/latex/base\atveryend-ltx.sty
Package: atveryend-ltx 2020/08/19 v1.0a Emulation of the original atvery packag
e
with kernel methods
)
\Fld@listcount=\count389
\c@bookmark@seq@number=\count390

(C:\Users\abdel\AppData\Local\Programs\MiKTeX\tex/latex/rerunfilecheck\rerunfil
echeck.sty
Package: rerunfilecheck 2019/12/05 v1.9 Rerun checks for auxiliary files (HO)

(C:\Users\abdel\AppData\Local\Programs\MiKTeX\tex/generic/uniquecounter\uniquec
ounter.sty
Package: uniquecounter 2019/12/15 v1.4 Provide unlimited unique counter (HO)
)
Package uniquecounter Info: New unique counter `rerunfilecheck' on input line 2
86.
)
\Hy@SectionHShift=\skip83
)
(C:\Users\abdel\AppData\Local\Programs\MiKTeX\tex/latex/ucs\uni-0.def
File: uni-0.def 2013/05/13 UCS: Unicode data U+0000..U+00FF
)
(Style_these.sty)
(C:\Users\abdel\AppData\Local\Programs\MiKTeX\tex/latex/l3backend\l3backend-pdf
tex.def
File: l3backend-pdftex.def 2021-01-09 L3 backend support: PDF output (pdfTeX)
\l__kernel_color_stack_int=\count391
\l__pdf_internal_box=\box112
) (main.aux)
\openout1 = `main.aux'.

LaTeX Font Info:    Checking defaults for OML/cmm/m/it on input line 36.
LaTeX Font Info:    ... okay on input line 36.
LaTeX Font Info:    Checking defaults for OMS/cmsy/m/n on input line 36.
LaTeX Font Info:    ... okay on input line 36.
LaTeX Font Info:    Checking defaults for OT1/cmr/m/n on input line 36.
LaTeX Font Info:    ... okay on input line 36.
LaTeX Font Info:    Checking defaults for T1/cmr/m/n on input line 36.
LaTeX Font Info:    ... okay on input line 36.
LaTeX Font Info:    Checking defaults for TS1/cmr/m/n on input line 36.
LaTeX Font Info:    ... okay on input line 36.
LaTeX Font Info:    Checking defaults for OMX/cmex/m/n on input line 36.
LaTeX Font Info:    ... okay on input line 36.
LaTeX Font Info:    Checking defaults for U/cmr/m/n on input line 36.
LaTeX Font Info:    ... okay on input line 36.
LaTeX Font Info:    Checking defaults for PD1/pdf/m/n on input line 36.
LaTeX Font Info:    ... okay on input line 36.
LaTeX Info: Redefining \degres on input line 36.
LaTeX Info: Redefining \dots on input line 36.
LaTeX Info: Redefining \up on input line 36.


Package french.ldf Warning: OT1 encoding should not be used for French.
(french.ldf)                Add \usepackage[T1]{fontenc} to the preamble
(french.ldf)                of your document; reported on input line 36.


(C:\Users\abdel\AppData\Local\Programs\MiKTeX\tex/context/base/mkii\supp-pdf.mk
ii
[Loading MPS to PDF converter (version 2006.09.02).]
\scratchcounter=\count392
\scratchdimen=\dimen351
\scratchbox=\box113
\nofMPsegments=\count393
\nofMParguments=\count394
\everyMPshowfont=\toks59
\MPscratchCnt=\count395
\MPscratchDim=\dimen352
\MPnumerator=\count396
\makeMPintoPDFobject=\count397
\everyMPtoPDFconversion=\toks60
)
(C:\Users\abdel\AppData\Local\Programs\MiKTeX\tex/latex/epstopdf-pkg\epstopdf-b
ase.sty
Package: epstopdf-base 2020-01-24 v2.11 Base part for package epstopdf
Package epstopdf-base Info: Redefining graphics rule for `.eps' on input line 4
85.
)
(C:\Users\abdel\AppData\Local\Programs\MiKTeX\tex/latex/ucs\ucsencs.def
File: ucsencs.def 2011/01/21 Fixes to fontencodings LGR, T3
)
*geometry* driver: auto-detecting
*geometry* detected driver: pdftex
*geometry* verbose mode - [ preamble ] result:
* driver: pdftex
* paper: a4paper
* layout: <same size as paper>
* layoutoffset:(h,v)=(0.0pt,0.0pt)
* modes: 
* h-part:(L,W,R)=(89.62709pt, 418.25368pt, 89.6271pt)
* v-part:(T,H,B)=(101.40665pt, 591.5302pt, 152.11pt)
* \paperwidth=597.50787pt
* \paperheight=845.04684pt
* \textwidth=455.24408pt
* \textheight=682.86613pt
* \oddsidemargin=0.0pt
* \evensidemargin=17.3571pt
* \topmargin=-28.45274pt
* \headheight=14.0pt
* \headsep=19.8738pt
* \topskip=12.0pt
* \footskip=42.67912pt
* \marginparwidth=38.0pt
* \marginparsep=7.0pt
* \columnsep=10.0pt
* \skip\footins=10.8pt plus 4.0pt minus 2.0pt
* \hoffset=0.0pt
* \voffset=0.0pt
* \mag=1000
* \@twocolumnfalse
* \@twosidefalse
* \@mparswitchfalse
* \@reversemarginfalse
* (1in=72.27pt=25.4mm, 1cm=28.453pt)

LaTeX Font Info:    Trying to load font information for U+msa on input line 36.

(C:\Users\abdel\AppData\Local\Programs\MiKTeX\tex/latex/amsfonts\umsa.fd
File: umsa.fd 2013/01/14 v3.01 AMS symbols A
)
LaTeX Font Info:    Trying to load font information for U+msb on input line 36.


(C:\Users\abdel\AppData\Local\Programs\MiKTeX\tex/latex/amsfonts\umsb.fd
File: umsb.fd 2013/01/14 v3.01 AMS symbols B
)
LaTeX Font Info:    Trying to load font information for U+lasy on input line 36
.

(C:\Users\abdel\AppData\Local\Programs\MiKTeX\tex/latex/base\ulasy.fd
File: ulasy.fd 1998/08/17 v2.2e LaTeX symbol font definitions
)
Package xypdf Info: Line width: 0.47998pt on input line 36.
\c@lstlisting=\count398
Package hyperref Info: Link coloring ON on input line 36.

(C:\Users\abdel\AppData\Local\Programs\MiKTeX\tex/latex/hyperref\nameref.sty
Package: nameref 2019/09/16 v2.46 Cross-referencing by name of section

(C:\Users\abdel\AppData\Local\Programs\MiKTeX\tex/latex/refcount\refcount.sty
Package: refcount 2019/12/15 v3.6 Data extraction from label references (HO)
)
(C:\Users\abdel\AppData\Local\Programs\MiKTeX\tex/generic/gettitlestring\gettit
lestring.sty
Package: gettitlestring 2019/12/15 v1.6 Cleanup title references (HO)
)
\c@section@level=\count399
)
LaTeX Info: Redefining \ref on input line 36.
LaTeX Info: Redefining \pageref on input line 36.
LaTeX Info: Redefining \nameref on input line 36.
 (Pages/page_garde.tex
(C:\Users\abdel\AppData\Local\Programs\MiKTeX\tex/latex/ucs\uni-32.def
File: uni-32.def 2013/05/13 UCS: Unicode data U+2000..U+20FF
))
[1
Non-PDF special ignored!
<special> header=pstricks.pro
Non-PDF special ignored!
<special> header=pst-algparser.pro
Non-PDF special ignored!
<special> header=pst-tools.pro
Non-PDF special ignored!
<special> header=pst-dots.pro
Non-PDF special ignored!
<special> header=pst-node.pro
Non-PDF special ignored!
<special> header=pst-3d.pro
Non-PDF special ignored!
<special> header=pst-math.pro
Non-PDF special ignored!
<special> header=pstricks-add.pro
Non-PDF special ignored!
<special> header=psfrag.pro

Non-PDF special ignored!
<special> ps: /pssetRGBcolor /setrgbcolor load def /pssetCMYKcolor /setcmyk...
Non-PDF special ignored!
<special> ps:tx@Dict begin  gsave STV CP T /ps@rot 0 def grestore  end
Non-PDF special ignored!
<special> ps:tx@Dict begin  gsave STV CP T /ps@refangle 0.  def grestore  e...
Non-PDF special ignored!
<special> ps:tx@Dict begin  gsave STV CP T /ps@rot 0 def grestore  end
{C:/Users/abdel/AppData/Local/MiKTeX/pdftex/config/pdftex.map}] [2]
(Pages/page_dedicace.tex) [3] [4] (Pages/page_merci.tex
Underfull \hbox (badness 10000) in paragraph at lines 10--24

 []


Underfull \hbox (badness 10000) in paragraph at lines 10--24

 []


Underfull \hbox (badness 10000) in paragraph at lines 10--24

 []

[5] [6])pdfTeX warning (ext4): destination with the same identifier (name{page.
1}) has been already used, duplicate ignored
<to be read again> 
                   \relax 
l.92 \tableofcontents
                      [1

] (main.toc

Package fancyhdr Warning: \headheight is too small (14.0pt): 
(fancyhdr)                Make it at least 14.49998pt, for example:
(fancyhdr)                \setlength{\headheight}{14.49998pt}.
(fancyhdr)                You might also make \topmargin smaller to compensate:

(fancyhdr)                \addtolength{\topmargin}{-0.49998pt}.

pdfTeX warning (ext4): destination with the same identifier (name{page.2}) has 
been already used, duplicate ignored
<to be read again> 
                   \relax 
l.43 ...sion de la problematique}{69}{section*.30}
                                                  % [2])
\tf@toc=\write5
\openout5 = `main.toc'.



Package fancyhdr Warning: \headheight is too small (14.0pt): 
(fancyhdr)                Make it at least 14.49998pt, for example:
(fancyhdr)                \setlength{\headheight}{14.49998pt}.
(fancyhdr)                You might also make \topmargin smaller to compensate:

(fancyhdr)                \addtolength{\topmargin}{-0.49998pt}.

pdfTeX warning (ext4): destination with the same identifier (name{page.3}) has 
been already used, duplicate ignored
<to be read again> 
                   \relax 
l.93 \newpage
              [3]

Package fancyhdr Warning: \headheight is too small (14.0pt): 
(fancyhdr)                Make it at least 14.49998pt, for example:
(fancyhdr)                \setlength{\headheight}{14.49998pt}.
(fancyhdr)                You might also make \topmargin smaller to compensate:

(fancyhdr)                \addtolength{\topmargin}{-0.49998pt}.

pdfTeX warning (ext4): destination with the same identifier (name{page.4}) has 
been already used, duplicate ignored
<to be read again> 
                   \relax 
l.98 \listoffigures
                    [4

] (main.lof

LaTeX Warning: Citation `ahu61' on page 5 undefined on input line 2.


LaTeX Warning: Citation `ab94' on page 5 undefined on input line 3.


LaTeX Warning: Citation `m85' on page 5 undefined on input line 4.


LaTeX Warning: Citation `ah2006' on page 5 undefined on input line 5.


LaTeX Warning: Citation `arrow48' on page 5 undefined on input line 6.


LaTeX Warning: Citation `arrow48' on page 5 undefined on input line 8.

)
\tf@lof=\write6
\openout6 = `main.lof'.



Package fancyhdr Warning: \headheight is too small (14.0pt): 
(fancyhdr)                Make it at least 14.49998pt, for example:
(fancyhdr)                \setlength{\headheight}{14.49998pt}.
(fancyhdr)                You might also make \topmargin smaller to compensate:

(fancyhdr)                \addtolength{\topmargin}{-0.49998pt}.

pdfTeX warning (ext4): destination with the same identifier (name{page.5}) has 
been already used, duplicate ignored
<to be read again> 
                   \relax 
l.100 \newpage
               [5]

Package fancyhdr Warning: \headheight is too small (14.0pt): 
(fancyhdr)                Make it at least 14.49998pt, for example:
(fancyhdr)                \setlength{\headheight}{14.49998pt}.
(fancyhdr)                You might also make \topmargin smaller to compensate:

(fancyhdr)                \addtolength{\topmargin}{-0.49998pt}.

pdfTeX warning (ext4): destination with the same identifier (name{page.6}) has 
been already used, duplicate ignored
<to be read again> 
                   \relax 
l.102 \newpage
               [6]

Package fancyhdr Warning: \headheight is too small (14.0pt): 
(fancyhdr)                Make it at least 14.49998pt, for example:
(fancyhdr)                \setlength{\headheight}{14.49998pt}.
(fancyhdr)                You might also make \topmargin smaller to compensate:

(fancyhdr)                \addtolength{\topmargin}{-0.49998pt}.

[7

] (main.lot)
\tf@lot=\write7
\openout7 = `main.lot'.

 (Pages/page_abreviations.tex)
Underfull \hbox (badness 10000) in paragraph at lines 1--113

 []


Package fancyhdr Warning: \headheight is too small (14.0pt): 
(fancyhdr)                Make it at least 14.49998pt, for example:
(fancyhdr)                \setlength{\headheight}{14.49998pt}.
(fancyhdr)                You might also make \topmargin smaller to compensate:

(fancyhdr)                \addtolength{\topmargin}{-0.49998pt}.

[8]

Package fancyhdr Warning: \headheight is too small (14.0pt): 
(fancyhdr)                Make it at least 14.49998pt, for example:
(fancyhdr)                \setlength{\headheight}{14.49998pt}.
(fancyhdr)                You might also make \topmargin smaller to compensate:

(fancyhdr)                \addtolength{\topmargin}{-0.49998pt}.

[9

] (Pages/page_intro_generale.tex
Underfull \hbox (badness 10000) in paragraph at lines 6--15

 []


Underfull \hbox (badness 10000) in paragraph at lines 6--15

 []


LaTeX Warning: Citation `ahu61' on page 10 undefined on input line 18.

<./img/intro/bpce_orga.png, id=166, 821.0675pt x 541.02126pt>
File: ./img/intro/bpce_orga.png Graphic file (type png)
<use ./img/intro/bpce_orga.png>
Package pdftex.def Info: ./img/intro/bpce_orga.png  used on input line 19.
(pdftex.def)             Requested size: 455.24408pt x 299.9649pt.

LaTeX Warning: `!h' float specifier changed to `!ht'.


LaTeX Warning: Citation `ab94' on page 10 undefined on input line 28.

<./img/intro/nim_kpi.png, id=168, 958.58125pt x 221.82875pt>
File: ./img/intro/nim_kpi.png Graphic file (type png)
<use ./img/intro/nim_kpi.png>
Package pdftex.def Info: ./img/intro/nim_kpi.png  used on input line 29.
(pdftex.def)             Requested size: 455.24408pt x 105.34943pt.

LaTeX Warning: `!h' float specifier changed to `!ht'.


LaTeX Warning: Citation `m85' on page 10 undefined on input line 34.

<./img/intro/nim_loc.png, id=169, 876.27374pt x 295.1025pt>
File: ./img/intro/nim_loc.png Graphic file (type png)
<use ./img/intro/nim_loc.png>
Package pdftex.def Info: ./img/intro/nim_loc.png  used on input line 35.
(pdftex.def)             Requested size: 455.24408pt x 153.31458pt.

LaTeX Warning: `!h' float specifier changed to `!ht'.


LaTeX Warning: Citation `ah2006' on page 10 undefined on input line 45.

<./img/intro/seeyond_objectifs.png, id=170, 1140.26pt x 433.62pt>
File: ./img/intro/seeyond_objectifs.png Graphic file (type png)
<use ./img/intro/seeyond_objectifs.png>
Package pdftex.def Info: ./img/intro/seeyond_objectifs.png  used on input line 
46.
(pdftex.def)             Requested size: 455.24408pt x 173.12071pt.

LaTeX Warning: `!h' float specifier changed to `!ht'.

(C:\Users\abdel\AppData\Local\Programs\MiKTeX\tex/latex/ucs\uni-1.def
File: uni-1.def 2013/05/13 UCS: Unicode data U+0100..U+01FF
)

Package fancyhdr Warning: \headheight is too small (14.0pt): 
(fancyhdr)                Make it at least 14.49998pt, for example:
(fancyhdr)                \setlength{\headheight}{14.49998pt}.
(fancyhdr)                You might also make \topmargin smaller to compensate:

(fancyhdr)                \addtolength{\topmargin}{-0.49998pt}.

[10]

LaTeX Warning: Text page 11 contains only floats.


Package fancyhdr Warning: \headheight is too small (14.0pt): 
(fancyhdr)                Make it at least 14.49998pt, for example:
(fancyhdr)                \setlength{\headheight}{14.49998pt}.
(fancyhdr)                You might also make \topmargin smaller to compensate:

(fancyhdr)                \addtolength{\topmargin}{-0.49998pt}.

[11 <./img/intro/bpce_orga.png> <./img/intro/nim_kpi.png> <./img/intro/nim_loc.
png>]

LaTeX Warning: Citation `arrow48' on page 12 undefined on input line 59.

<./img/intro/seeyond_kpi.png, id=187, 1085.05376pt x 210.7875pt>
File: ./img/intro/seeyond_kpi.png Graphic file (type png)
<use ./img/intro/seeyond_kpi.png>
Package pdftex.def Info: ./img/intro/seeyond_kpi.png  used on input line 60.
(pdftex.def)             Requested size: 455.24408pt x 88.43687pt.
<./img/intro/seeyond_hist.png, id=188, 1181.41376pt x 406.51875pt>
File: ./img/intro/seeyond_hist.png Graphic file (type png)
<use ./img/intro/seeyond_hist.png>
Package pdftex.def Info: ./img/intro/seeyond_hist.png  used on input line 70.
(pdftex.def)             Requested size: 455.24408pt x 156.64355pt.

LaTeX Warning: `!h' float specifier changed to `!ht'.


Package fancyhdr Warning: \headheight is too small (14.0pt): 
(fancyhdr)                Make it at least 14.49998pt, for example:
(fancyhdr)                \setlength{\headheight}{14.49998pt}.
(fancyhdr)                You might also make \topmargin smaller to compensate:

(fancyhdr)                \addtolength{\topmargin}{-0.49998pt}.

[12 <./img/intro/seeyond_objectifs.png> <./img/intro/seeyond_kpi.png>]
Underfull \hbox (badness 10000) in paragraph at lines 81--88

 []


Underfull \hbox (badness 10000) in paragraph at lines 81--88

 []


Package fancyhdr Warning: \headheight is too small (14.0pt): 
(fancyhdr)                Make it at least 14.49998pt, for example:
(fancyhdr)                \setlength{\headheight}{14.49998pt}.
(fancyhdr)                You might also make \topmargin smaller to compensate:

(fancyhdr)                \addtolength{\topmargin}{-0.49998pt}.

[13 <./img/intro/seeyond_hist.png>]
Underfull \hbox (badness 10000) in paragraph at lines 97--106

 []


Underfull \hbox (badness 10000) in paragraph at lines 97--106

 []


Underfull \hbox (badness 1014) in paragraph at lines 97--106
\OT1/cmr/m/n/12 J'ai aussi tra-vaille sur un ou-til per-met-tant de generer 
di-vers gra-phiques sur les
 []

)
Underfull \hbox (badness 10000) in paragraph at lines 109--128

 []


Package fancyhdr Warning: \headheight is too small (14.0pt): 
(fancyhdr)                Make it at least 14.49998pt, for example:
(fancyhdr)                \setlength{\headheight}{14.49998pt}.
(fancyhdr)                You might also make \topmargin smaller to compensate:

(fancyhdr)                \addtolength{\topmargin}{-0.49998pt}.

[14] (Chapitre1/Chapitre1.tex

Package fancyhdr Warning: \headheight is too small (14.0pt): 
(fancyhdr)                Make it at least 14.49998pt, for example:
(fancyhdr)                \setlength{\headheight}{14.49998pt}.
(fancyhdr)                You might also make \topmargin smaller to compensate:

(fancyhdr)                \addtolength{\topmargin}{-0.49998pt}.

[15

]
Underfull \hbox (badness 10000) in paragraph at lines 6--16

 []


Underfull \hbox (badness 3271) in paragraph at lines 24--27
\OT1/cmr/m/n/12 Nous al-lons trai-ter de UMAP, des in-tui-tions derrieres cet 
al-go-rithme et des
 []


Package fancyhdr Warning: \headheight is too small (14.0pt): 
(fancyhdr)                Make it at least 14.49998pt, for example:
(fancyhdr)                \setlength{\headheight}{14.49998pt}.
(fancyhdr)                You might also make \topmargin smaller to compensate:

(fancyhdr)                \addtolength{\topmargin}{-0.49998pt}.

[16])

Package fancyhdr Warning: \headheight is too small (14.0pt): 
(fancyhdr)                Make it at least 14.49998pt, for example:
(fancyhdr)                \setlength{\headheight}{14.49998pt}.
(fancyhdr)                You might also make \topmargin smaller to compensate:

(fancyhdr)                \addtolength{\topmargin}{-0.49998pt}.

[17] (Chapitre2/Chapitre2.tex

Package fancyhdr Warning: \headheight is too small (14.0pt): 
(fancyhdr)                Make it at least 14.49998pt, for example:
(fancyhdr)                \setlength{\headheight}{14.49998pt}.
(fancyhdr)                You might also make \topmargin smaller to compensate:

(fancyhdr)                \addtolength{\topmargin}{-0.49998pt}.

[18

]
Underfull \hbox (badness 10000) in paragraph at lines 8--9

 []


Underfull \hbox (badness 10000) in paragraph at lines 14--22

 []


Underfull \hbox (badness 10000) in paragraph at lines 29--33

 []


Package fancyhdr Warning: \headheight is too small (14.0pt): 
(fancyhdr)                Make it at least 14.49998pt, for example:
(fancyhdr)                \setlength{\headheight}{14.49998pt}.
(fancyhdr)                You might also make \topmargin smaller to compensate:

(fancyhdr)                \addtolength{\topmargin}{-0.49998pt}.

[19]

LaTeX Warning: Citation `arrow48' on page 20 undefined on input line 68.

<./img/notions_math/metric/courbe_metric_fcn.png, id=239, 329.23pt x 183.68625p
t>
File: ./img/notions_math/metric/courbe_metric_fcn.png Graphic file (type png)
<use ./img/notions_math/metric/courbe_metric_fcn.png>
Package pdftex.def Info: ./img/notions_math/metric/courbe_metric_fcn.png  used 
on input line 69.
(pdftex.def)             Requested size: 200.0pt x 111.58876pt.

Package fancyhdr Warning: \headheight is too small (14.0pt): 
(fancyhdr)                Make it at least 14.49998pt, for example:
(fancyhdr)                \setlength{\headheight}{14.49998pt}.
(fancyhdr)                You might also make \topmargin smaller to compensate:

(fancyhdr)                \addtolength{\topmargin}{-0.49998pt}.

[20 <./img/notions_math/metric/courbe_metric_fcn.png (PNG copy)>]
Underfull \hbox (badness 1708) in paragraph at lines 110--111
[]\OT1/cmr/m/n/12 Pour com-men-cer nous al-lons definir la si-mi-la-rite en c
o-si-nus. Il s'agit d'une
 []

<./img/notions_math/metric/img_metric_cos.png, id=247, 827.09pt x 340.27126pt>
File: ./img/notions_math/metric/img_metric_cos.png Graphic file (type png)
<use ./img/notions_math/metric/img_metric_cos.png>
Package pdftex.def Info: ./img/notions_math/metric/img_metric_cos.png  used on 
input line 122.
(pdftex.def)             Requested size: 200.0pt x 82.27943pt.

LaTeX Warning: `!h' float specifier changed to `!ht'.


Package fancyhdr Warning: \headheight is too small (14.0pt): 
(fancyhdr)                Make it at least 14.49998pt, for example:
(fancyhdr)                \setlength{\headheight}{14.49998pt}.
(fancyhdr)                You might also make \topmargin smaller to compensate:

(fancyhdr)                \addtolength{\topmargin}{-0.49998pt}.

[21]
Underfull \hbox (badness 1158) in paragraph at lines 139--140
[]\OT1/cmr/m/n/12 La va-leur -1 in-di-quera des vec-teurs for-te-ment op-poses
, c'est-a-dire au-cune
 []


LaTeX Warning: Command \textemdash invalid in math mode on input line 145.


Package fancyhdr Warning: \headheight is too small (14.0pt): 
(fancyhdr)                Make it at least 14.49998pt, for example:
(fancyhdr)                \setlength{\headheight}{14.49998pt}.
(fancyhdr)                You might also make \topmargin smaller to compensate:

(fancyhdr)                \addtolength{\topmargin}{-0.49998pt}.

[22 <./img/notions_math/metric/img_metric_cos.png (PNG copy)>]
Underfull \hbox (badness 1325) in paragraph at lines 162--172
[]\OT1/cmr/m/n/12 De nom-breux jeux de donnees im-pliquent des mil-liers, voir
e des mil-lions de
 []


Underfull \hbox (badness 10000) in paragraph at lines 162--172

 []


Package fancyhdr Warning: \headheight is too small (14.0pt): 
(fancyhdr)                Make it at least 14.49998pt, for example:
(fancyhdr)                \setlength{\headheight}{14.49998pt}.
(fancyhdr)                You might also make \topmargin smaller to compensate:

(fancyhdr)                \addtolength{\topmargin}{-0.49998pt}.

[23]
<./img/notions_math/hypersphere_1.png, id=268, 505.89pt x 122.4575pt>
File: ./img/notions_math/hypersphere_1.png Graphic file (type png)
<use ./img/notions_math/hypersphere_1.png>
Package pdftex.def Info: ./img/notions_math/hypersphere_1.png  used on input li
ne 196.
(pdftex.def)             Requested size: 455.24408pt x 110.1995pt.
<./img/notions_math/hypersphere_2.png, id=269, 488.82625pt x 128.48pt>
File: ./img/notions_math/hypersphere_2.png Graphic file (type png)
<use ./img/notions_math/hypersphere_2.png>
Package pdftex.def Info: ./img/notions_math/hypersphere_2.png  used on input li
ne 208.
(pdftex.def)             Requested size: 455.24408pt x 119.6557pt.


LaTeX Warning: `!h' float specifier changed to `!ht'.


Package fancyhdr Warning: \headheight is too small (14.0pt): 
(fancyhdr)                Make it at least 14.49998pt, for example:
(fancyhdr)                \setlength{\headheight}{14.49998pt}.
(fancyhdr)                You might also make \topmargin smaller to compensate:

(fancyhdr)                \addtolength{\topmargin}{-0.49998pt}.

[24 <./img/notions_math/hypersphere_1.png>]
Underfull \hbox (badness 10000) in paragraph at lines 220--222

 []


Underfull \hbox (badness 10000) in paragraph at lines 222--226

 []


Package fancyhdr Warning: \headheight is too small (14.0pt): 
(fancyhdr)                Make it at least 14.49998pt, for example:
(fancyhdr)                \setlength{\headheight}{14.49998pt}.
(fancyhdr)                You might also make \topmargin smaller to compensate:

(fancyhdr)                \addtolength{\topmargin}{-0.49998pt}.

[25 <./img/notions_math/hypersphere_2.png>]
Underfull \hbox (badness 10000) in paragraph at lines 247--252

 []


Underfull \hbox (badness 10000) in paragraph at lines 247--252

 []


Underfull \hbox (badness 10000) in paragraph at lines 267--269

 []


Package fancyhdr Warning: \headheight is too small (14.0pt): 
(fancyhdr)                Make it at least 14.49998pt, for example:
(fancyhdr)                \setlength{\headheight}{14.49998pt}.
(fancyhdr)                You might also make \topmargin smaller to compensate:

(fancyhdr)                \addtolength{\topmargin}{-0.49998pt}.

[26]
Underfull \hbox (badness 10000) in paragraph at lines 291--294

 []


Underfull \hbox (badness 10000) in paragraph at lines 294--297

 []


Package fancyhdr Warning: \headheight is too small (14.0pt): 
(fancyhdr)                Make it at least 14.49998pt, for example:
(fancyhdr)                \setlength{\headheight}{14.49998pt}.
(fancyhdr)                You might also make \topmargin smaller to compensate:

(fancyhdr)                \addtolength{\topmargin}{-0.49998pt}.

[27]
<./img/notions_math/courbe.png, id=296, 514.92375pt x 313.17pt>
File: ./img/notions_math/courbe.png Graphic file (type png)
<use ./img/notions_math/courbe.png>
Package pdftex.def Info: ./img/notions_math/courbe.png  used on input line 309.

(pdftex.def)             Requested size: 455.24408pt x 276.88065pt.

Underfull \hbox (badness 10000) in paragraph at lines 304--323

 []


Underfull \hbox (badness 10000) in paragraph at lines 304--323

 []


Underfull \hbox (badness 10000) in paragraph at lines 304--323

 []


Underfull \hbox (badness 10000) in paragraph at lines 304--323

 []


Package fancyhdr Warning: \headheight is too small (14.0pt): 
(fancyhdr)                Make it at least 14.49998pt, for example:
(fancyhdr)                \setlength{\headheight}{14.49998pt}.
(fancyhdr)                You might also make \topmargin smaller to compensate:

(fancyhdr)                \addtolength{\topmargin}{-0.49998pt}.

[28 <./img/notions_math/courbe.png>]
<./img/notions_math/courbe_2.png, id=303, 245.91875pt x 62.2325pt>
File: ./img/notions_math/courbe_2.png Graphic file (type png)
<use ./img/notions_math/courbe_2.png>
Package pdftex.def Info: ./img/notions_math/courbe_2.png  used on input line 33
3.
(pdftex.def)             Requested size: 455.24408pt x 115.20998pt.

Underfull \hbox (badness 10000) in paragraph at lines 323--344

 []


Underfull \hbox (badness 10000) in paragraph at lines 323--344

 []


Underfull \hbox (badness 1102) in paragraph at lines 323--344
\OT1/cmr/m/n/12 a ob-te-nir pour ^etre ca-pable d'avoir des ga-ran-ties sta-ti
s-tiques sur la qua-lites de
 []


Underfull \hbox (badness 10000) in paragraph at lines 323--344

 []


Underfull \hbox (badness 10000) in paragraph at lines 323--344

 []


Underfull \hbox (badness 10000) in paragraph at lines 323--344

 []


Package fancyhdr Warning: \headheight is too small (14.0pt): 
(fancyhdr)                Make it at least 14.49998pt, for example:
(fancyhdr)                \setlength{\headheight}{14.49998pt}.
(fancyhdr)                You might also make \topmargin smaller to compensate:

(fancyhdr)                \addtolength{\topmargin}{-0.49998pt}.

[29 <./img/notions_math/courbe_2.png>]
Underfull \hbox (badness 10000) in paragraph at lines 349--353

 []


Underfull \hbox (badness 1048) in paragraph at lines 358--364
\OT1/cmr/m/n/12 L'objet de l'ar-ticle est de mon-trer que l'on com-prend et de
fini mal les no-tions
 []


Underfull \hbox (badness 10000) in paragraph at lines 358--364

 []


Package fancyhdr Warning: \headheight is too small (14.0pt): 
(fancyhdr)                Make it at least 14.49998pt, for example:
(fancyhdr)                \setlength{\headheight}{14.49998pt}.
(fancyhdr)                You might also make \topmargin smaller to compensate:

(fancyhdr)                \addtolength{\topmargin}{-0.49998pt}.

[30]

Package fancyhdr Warning: \headheight is too small (14.0pt): 
(fancyhdr)                Make it at least 14.49998pt, for example:
(fancyhdr)                \setlength{\headheight}{14.49998pt}.
(fancyhdr)                You might also make \topmargin smaller to compensate:

(fancyhdr)                \addtolength{\topmargin}{-0.49998pt}.

[31]
<./img/notions_math/gradiant_descent/courbe_1.png, id=318, 685.56125pt x 223.83
624pt>
File: ./img/notions_math/gradiant_descent/courbe_1.png Graphic file (type png)
<use ./img/notions_math/gradiant_descent/courbe_1.png>
Package pdftex.def Info: ./img/notions_math/gradiant_descent/courbe_1.png  used
 on input line 385.
(pdftex.def)             Requested size: 455.24408pt x 148.64088pt.
<./img/notions_math/gradiant_descent/courbe_2.png, id=319, 660.4675pt x 614.295
pt>
File: ./img/notions_math/gradiant_descent/courbe_2.png Graphic file (type png)
<use ./img/notions_math/gradiant_descent/courbe_2.png>
Package pdftex.def Info: ./img/notions_math/gradiant_descent/courbe_2.png  used
 on input line 396.
(pdftex.def)             Requested size: 455.24408pt x 423.43283pt.

Underfull \hbox (badness 10000) in paragraph at lines 382--397

 []


Package fancyhdr Warning: \headheight is too small (14.0pt): 
(fancyhdr)                Make it at least 14.49998pt, for example:
(fancyhdr)                \setlength{\headheight}{14.49998pt}.
(fancyhdr)                You might also make \topmargin smaller to compensate:

(fancyhdr)                \addtolength{\topmargin}{-0.49998pt}.

[32 <./img/notions_math/gradiant_descent/courbe_1.png>]
<./img/notions_math/gradiant_descent/exercices.png, id=325, 655.44875pt x 680.5
425pt>
File: ./img/notions_math/gradiant_descent/exercices.png Graphic file (type png)

<use ./img/notions_math/gradiant_descent/exercices.png>
Package pdftex.def Info: ./img/notions_math/gradiant_descent/exercices.png  use
d on input line 405.
(pdftex.def)             Requested size: 455.24408pt x 472.67972pt.
)
Underfull \hbox (badness 10000) in paragraph at lines 401--184

 []


Package fancyhdr Warning: \headheight is too small (14.0pt): 
(fancyhdr)                Make it at least 14.49998pt, for example:
(fancyhdr)                \setlength{\headheight}{14.49998pt}.
(fancyhdr)                You might also make \topmargin smaller to compensate:

(fancyhdr)                \addtolength{\topmargin}{-0.49998pt}.

[33 <./img/notions_math/gradiant_descent/courbe_2.png>]

Package fancyhdr Warning: \headheight is too small (14.0pt): 
(fancyhdr)                Make it at least 14.49998pt, for example:
(fancyhdr)                \setlength{\headheight}{14.49998pt}.
(fancyhdr)                You might also make \topmargin smaller to compensate:

(fancyhdr)                \addtolength{\topmargin}{-0.49998pt}.

[34 <./img/notions_math/gradiant_descent/exercices.png>]
(Chapitre3/Chapitre3.tex

Package fancyhdr Warning: \headheight is too small (14.0pt): 
(fancyhdr)                Make it at least 14.49998pt, for example:
(fancyhdr)                \setlength{\headheight}{14.49998pt}.
(fancyhdr)                You might also make \topmargin smaller to compensate:

(fancyhdr)                \addtolength{\topmargin}{-0.49998pt}.

[35

]

Package fancyhdr Warning: \headheight is too small (14.0pt): 
(fancyhdr)                Make it at least 14.49998pt, for example:
(fancyhdr)                \setlength{\headheight}{14.49998pt}.
(fancyhdr)                You might also make \topmargin smaller to compensate:

(fancyhdr)                \addtolength{\topmargin}{-0.49998pt}.

[36]
Underfull \hbox (badness 10000) in paragraph at lines 17--19

 []


Underfull \hbox (badness 10000) in paragraph at lines 19--26

 []


Underfull \hbox (badness 10000) in paragraph at lines 19--26

 []


Underfull \hbox (badness 10000) in paragraph at lines 19--26

 []

<./img/reduction_dim/lemme_jl/table.png, id=344, 360.34625pt x 464.73625pt>
File: ./img/reduction_dim/lemme_jl/table.png Graphic file (type png)
<use ./img/reduction_dim/lemme_jl/table.png>
Package pdftex.def Info: ./img/reduction_dim/lemme_jl/table.png  used on input 
line 38.
(pdftex.def)             Requested size: 200.0pt x 257.93875pt.

Package fancyhdr Warning: \headheight is too small (14.0pt): 
(fancyhdr)                Make it at least 14.49998pt, for example:
(fancyhdr)                \setlength{\headheight}{14.49998pt}.
(fancyhdr)                You might also make \topmargin smaller to compensate:

(fancyhdr)                \addtolength{\topmargin}{-0.49998pt}.

[37]
<./img/reduction_dim/lemme_jl/exercice_jl.png, id=350, 755.82375pt x 527.9725pt
>
File: ./img/reduction_dim/lemme_jl/exercice_jl.png Graphic file (type png)
<use ./img/reduction_dim/lemme_jl/exercice_jl.png>
Package pdftex.def Info: ./img/reduction_dim/lemme_jl/exercice_jl.png  used on 
input line 45.
(pdftex.def)             Requested size: 455.24408pt x 318.00243pt.

Overfull \hbox (17.62482pt too wide) in paragraph at lines 45--46
[][] 
 []


Package fancyhdr Warning: \headheight is too small (14.0pt): 
(fancyhdr)                Make it at least 14.49998pt, for example:
(fancyhdr)                \setlength{\headheight}{14.49998pt}.
(fancyhdr)                You might also make \topmargin smaller to compensate:

(fancyhdr)                \addtolength{\topmargin}{-0.49998pt}.

[38 <./img/reduction_dim/lemme_jl/table.png> <./img/reduction_dim/lemme_jl/exer
cice_jl.png>]
<./img/reduction_dim/lemme_jl/preuve_1.png, id=357, 780.9175pt x 175.65625pt>
File: ./img/reduction_dim/lemme_jl/preuve_1.png Graphic file (type png)
<use ./img/reduction_dim/lemme_jl/preuve_1.png>
Package pdftex.def Info: ./img/reduction_dim/lemme_jl/preuve_1.png  used on inp
ut line 55.
(pdftex.def)             Requested size: 455.24408pt x 102.40067pt.
<./img/reduction_dim/lemme_jl/preuve_2.png, id=358, 594.22pt x 824.07875pt>
File: ./img/reduction_dim/lemme_jl/preuve_2.png Graphic file (type png)
<use ./img/reduction_dim/lemme_jl/preuve_2.png>
Package pdftex.def Info: ./img/reduction_dim/lemme_jl/preuve_2.png  used on inp
ut line 56.
(pdftex.def)             Requested size: 455.24408pt x 631.37386pt.
<./img/reduction_dim/lemme_jl/preuve_3.png, id=359, 587.19376pt x 458.71375pt>
File: ./img/reduction_dim/lemme_jl/preuve_3.png Graphic file (type png)
<use ./img/reduction_dim/lemme_jl/preuve_3.png>
Package pdftex.def Info: ./img/reduction_dim/lemme_jl/preuve_3.png  used on inp
ut line 57.
(pdftex.def)             Requested size: 455.24408pt x 355.63248pt.

Overfull \hbox (17.62482pt too wide) in paragraph at lines 55--70
[][]
 []


Underfull \hbox (badness 10000) in paragraph at lines 55--70

 []


Underfull \hbox (badness 10000) in paragraph at lines 55--70

 []


Package fancyhdr Warning: \headheight is too small (14.0pt): 
(fancyhdr)                Make it at least 14.49998pt, for example:
(fancyhdr)                \setlength{\headheight}{14.49998pt}.
(fancyhdr)                You might also make \topmargin smaller to compensate:

(fancyhdr)                \addtolength{\topmargin}{-0.49998pt}.

[39 <./img/reduction_dim/lemme_jl/preuve_1.png>]

Package fancyhdr Warning: \headheight is too small (14.0pt): 
(fancyhdr)                Make it at least 14.49998pt, for example:
(fancyhdr)                \setlength{\headheight}{14.49998pt}.
(fancyhdr)                You might also make \topmargin smaller to compensate:

(fancyhdr)                \addtolength{\topmargin}{-0.49998pt}.

[40 <./img/reduction_dim/lemme_jl/preuve_2.png>]

Package fancyhdr Warning: \headheight is too small (14.0pt): 
(fancyhdr)                Make it at least 14.49998pt, for example:
(fancyhdr)                \setlength{\headheight}{14.49998pt}.
(fancyhdr)                You might also make \topmargin smaller to compensate:

(fancyhdr)                \addtolength{\topmargin}{-0.49998pt}.

[41 <./img/reduction_dim/lemme_jl/preuve_3.png>]

Package fancyhdr Warning: \headheight is too small (14.0pt): 
(fancyhdr)                Make it at least 14.49998pt, for example:
(fancyhdr)                \setlength{\headheight}{14.49998pt}.
(fancyhdr)                You might also make \topmargin smaller to compensate:

(fancyhdr)                \addtolength{\topmargin}{-0.49998pt}.

[42]

Package fancyhdr Warning: \headheight is too small (14.0pt): 
(fancyhdr)                Make it at least 14.49998pt, for example:
(fancyhdr)                \setlength{\headheight}{14.49998pt}.
(fancyhdr)                You might also make \topmargin smaller to compensate:

(fancyhdr)                \addtolength{\topmargin}{-0.49998pt}.

[43]
Underfull \hbox (badness 10000) in paragraph at lines 100--100
[]\OT1/cmr/bx/n/14.4 Expliquer la theorie/difference avec Johnson-
 []

<./img/reduction_dim/pca/elipse.png, id=384, 818.05624pt x 222.8325pt>
File: ./img/reduction_dim/pca/elipse.png Graphic file (type png)
<use ./img/reduction_dim/pca/elipse.png>
Package pdftex.def Info: ./img/reduction_dim/pca/elipse.png  used on input line
 104.
(pdftex.def)             Requested size: 455.24408pt x 124.00671pt.

Underfull \hbox (badness 10000) in paragraph at lines 101--111

 []


Underfull \hbox (badness 10000) in paragraph at lines 101--111

 []


Underfull \hbox (badness 10000) in paragraph at lines 101--111

 []


Underfull \hbox (badness 10000) in paragraph at lines 121--123

 []

<./img/reduction_dim/pca/vect_prp.png, id=385, 566.115pt x 308.15125pt>
File: ./img/reduction_dim/pca/vect_prp.png Graphic file (type png)
<use ./img/reduction_dim/pca/vect_prp.png>
Package pdftex.def Info: ./img/reduction_dim/pca/vect_prp.png  used on input li
ne 130.
(pdftex.def)             Requested size: 455.24408pt x 247.80966pt.
<./img/reduction_dim/pca/def_val_prp.png, id=386, 546.04pt x 90.3375pt>
File: ./img/reduction_dim/pca/def_val_prp.png Graphic file (type png)
<use ./img/reduction_dim/pca/def_val_prp.png>
Package pdftex.def Info: ./img/reduction_dim/pca/def_val_prp.png  used on input
 line 138.
(pdftex.def)             Requested size: 455.24408pt x 75.31642pt.
<./img/reduction_dim/pca/prv_val_prp.png, id=387, 563.10374pt x 157.58875pt>
File: ./img/reduction_dim/pca/prv_val_prp.png Graphic file (type png)
<use ./img/reduction_dim/pca/prv_val_prp.png>
Package pdftex.def Info: ./img/reduction_dim/pca/prv_val_prp.png  used on input
 line 156.
(pdftex.def)             Requested size: 455.24408pt x 127.4033pt.
<./img/reduction_dim/pca/mat_diag.png, id=388, 744.7825pt x 240.9pt>
File: ./img/reduction_dim/pca/mat_diag.png Graphic file (type png)
<use ./img/reduction_dim/pca/mat_diag.png>
Package pdftex.def Info: ./img/reduction_dim/pca/mat_diag.png  used on input li
ne 170.
(pdftex.def)             Requested size: 455.24408pt x 147.25386pt.
<./img/reduction_dim/pca/mat_puissance.png, id=389, 611.28375pt x 155.58125pt>
File: ./img/reduction_dim/pca/mat_puissance.png Graphic file (type png)
<use ./img/reduction_dim/pca/mat_puissance.png>
Package pdftex.def Info: ./img/reduction_dim/pca/mat_puissance.png  used on inp
ut line 177.
(pdftex.def)             Requested size: 455.24408pt x 115.86661pt.
<./img/reduction_dim/pca/graph_mat.png, id=390, 612.2875pt x 346.29375pt>
File: ./img/reduction_dim/pca/graph_mat.png Graphic file (type png)
<use ./img/reduction_dim/pca/graph_mat.png>
Package pdftex.def Info: ./img/reduction_dim/pca/graph_mat.png  used on input l
ine 184.
(pdftex.def)             Requested size: 455.24408pt x 257.47395pt.

Underfull \hbox (badness 10000) in paragraph at lines 125--187

 []


Underfull \hbox (badness 10000) in paragraph at lines 125--187

 []


Underfull \hbox (badness 10000) in paragraph at lines 125--187

 []


Underfull \hbox (badness 10000) in paragraph at lines 125--187

 []


Underfull \hbox (badness 10000) in paragraph at lines 125--187

 []


Underfull \hbox (badness 10000) in paragraph at lines 125--187

 []


Underfull \hbox (badness 10000) in paragraph at lines 125--187

 []


Underfull \hbox (badness 10000) in paragraph at lines 125--187

 []


Underfull \hbox (badness 10000) in paragraph at lines 125--187

 []


Underfull \hbox (badness 10000) in paragraph at lines 125--187

 []


Underfull \hbox (badness 10000) in paragraph at lines 125--187

 []


Package fancyhdr Warning: \headheight is too small (14.0pt): 
(fancyhdr)                Make it at least 14.49998pt, for example:
(fancyhdr)                \setlength{\headheight}{14.49998pt}.
(fancyhdr)                You might also make \topmargin smaller to compensate:

(fancyhdr)                \addtolength{\topmargin}{-0.49998pt}.

[44 <./img/reduction_dim/pca/elipse.png>]

Package fancyhdr Warning: \headheight is too small (14.0pt): 
(fancyhdr)                Make it at least 14.49998pt, for example:
(fancyhdr)                \setlength{\headheight}{14.49998pt}.
(fancyhdr)                You might also make \topmargin smaller to compensate:

(fancyhdr)                \addtolength{\topmargin}{-0.49998pt}.

[45 <./img/reduction_dim/pca/vect_prp.png> <./img/reduction_dim/pca/def_val_prp
.png>]

Package fancyhdr Warning: \headheight is too small (14.0pt): 
(fancyhdr)                Make it at least 14.49998pt, for example:
(fancyhdr)                \setlength{\headheight}{14.49998pt}.
(fancyhdr)                You might also make \topmargin smaller to compensate:

(fancyhdr)                \addtolength{\topmargin}{-0.49998pt}.

[46 <./img/reduction_dim/pca/prv_val_prp.png>]

Package fancyhdr Warning: \headheight is too small (14.0pt): 
(fancyhdr)                Make it at least 14.49998pt, for example:
(fancyhdr)                \setlength{\headheight}{14.49998pt}.
(fancyhdr)                You might also make \topmargin smaller to compensate:

(fancyhdr)                \addtolength{\topmargin}{-0.49998pt}.

[47 <./img/reduction_dim/pca/mat_diag.png> <./img/reduction_dim/pca/mat_puissan
ce.png>]
Underfull \hbox (badness 10000) in paragraph at lines 198--201

 []


Underfull \hbox (badness 10000) in paragraph at lines 198--201

 []

<./img/reduction_dim/pca/mat_trace.png, id=417, 653.44125pt x 662.475pt>
File: ./img/reduction_dim/pca/mat_trace.png Graphic file (type png)
<use ./img/reduction_dim/pca/mat_trace.png>
Package pdftex.def Info: ./img/reduction_dim/pca/mat_trace.png  used on input l
ine 212.
(pdftex.def)             Requested size: 455.24408pt x 461.53578pt.

Underfull \hbox (badness 10000) in paragraph at lines 203--226

 []


Underfull \hbox (badness 10000) in paragraph at lines 203--226

 []


Underfull \hbox (badness 10000) in paragraph at lines 203--226

 []


Underfull \hbox (badness 10000) in paragraph at lines 203--226

 []


Underfull \hbox (badness 10000) in paragraph at lines 203--226

 []


Package fancyhdr Warning: \headheight is too small (14.0pt): 
(fancyhdr)                Make it at least 14.49998pt, for example:
(fancyhdr)                \setlength{\headheight}{14.49998pt}.
(fancyhdr)                You might also make \topmargin smaller to compensate:

(fancyhdr)                \addtolength{\topmargin}{-0.49998pt}.

[48 <./img/reduction_dim/pca/graph_mat.png>]

Package fancyhdr Warning: \headheight is too small (14.0pt): 
(fancyhdr)                Make it at least 14.49998pt, for example:
(fancyhdr)                \setlength{\headheight}{14.49998pt}.
(fancyhdr)                You might also make \topmargin smaller to compensate:

(fancyhdr)                \addtolength{\topmargin}{-0.49998pt}.

[49 <./img/reduction_dim/pca/mat_trace.png>]

Package fancyhdr Warning: \headheight is too small (14.0pt): 
(fancyhdr)                Make it at least 14.49998pt, for example:
(fancyhdr)                \setlength{\headheight}{14.49998pt}.
(fancyhdr)                You might also make \topmargin smaller to compensate:

(fancyhdr)                \addtolength{\topmargin}{-0.49998pt}.

[50]

Package fancyhdr Warning: \headheight is too small (14.0pt): 
(fancyhdr)                Make it at least 14.49998pt, for example:
(fancyhdr)                \setlength{\headheight}{14.49998pt}.
(fancyhdr)                You might also make \topmargin smaller to compensate:

(fancyhdr)                \addtolength{\topmargin}{-0.49998pt}.

[51]
<./img/reduction_dim/t_sne/exemple_data.png, id=440, 645.41125pt x 303.1325pt>
File: ./img/reduction_dim/t_sne/exemple_data.png Graphic file (type png)
<use ./img/reduction_dim/t_sne/exemple_data.png>
Package pdftex.def Info: ./img/reduction_dim/t_sne/exemple_data.png  used on in
put line 252.
(pdftex.def)             Requested size: 455.24408pt x 213.81482pt.

Underfull \hbox (badness 10000) in paragraph at lines 249--262

 []


Underfull \hbox (badness 10000) in paragraph at lines 249--262

 []


Underfull \hbox (badness 1117) in paragraph at lines 249--262
\OT1/cmr/m/n/12 Comme le montre cet exemple, il n'est pas pos-sible de separer
 ces donnees de
 []


Underfull \hbox (badness 10000) in paragraph at lines 249--262

 []


Underfull \hbox (badness 10000) in paragraph at lines 249--262

 []


Underfull \hbox (badness 10000) in paragraph at lines 266--272

 []


Package fancyhdr Warning: \headheight is too small (14.0pt): 
(fancyhdr)                Make it at least 14.49998pt, for example:
(fancyhdr)                \setlength{\headheight}{14.49998pt}.
(fancyhdr)                You might also make \topmargin smaller to compensate:

(fancyhdr)                \addtolength{\topmargin}{-0.49998pt}.

[52 <./img/reduction_dim/t_sne/exemple_data.png>]
<./img/reduction_dim/t_sne/eq_prob_1.png, id=446, 263.98625pt x 68.255pt>
File: ./img/reduction_dim/t_sne/eq_prob_1.png Graphic file (type png)
<use ./img/reduction_dim/t_sne/eq_prob_1.png>
Package pdftex.def Info: ./img/reduction_dim/t_sne/eq_prob_1.png  used on input
 line 283.
(pdftex.def)             Requested size: 100.0pt x 25.85487pt.

Underfull \hbox (badness 10000) in paragraph at lines 276--286

 []

<./img/reduction_dim/t_sne/eq_prob_2.png, id=447, 168.63pt x 65.24374pt>
File: ./img/reduction_dim/t_sne/eq_prob_2.png Graphic file (type png)
<use ./img/reduction_dim/t_sne/eq_prob_2.png>
Package pdftex.def Info: ./img/reduction_dim/t_sne/eq_prob_2.png  used on input
 line 291.
(pdftex.def)             Requested size: 100.0pt x 38.69058pt.
<./img/reduction_dim/t_sne/eq_prob_3.png, id=448, 369.38pt x 76.285pt>
File: ./img/reduction_dim/t_sne/eq_prob_3.png Graphic file (type png)
<use ./img/reduction_dim/t_sne/eq_prob_3.png>
Package pdftex.def Info: ./img/reduction_dim/t_sne/eq_prob_3.png  used on input
 line 298.
(pdftex.def)             Requested size: 100.0pt x 20.65193pt.

Underfull \hbox (badness 10000) in paragraph at lines 289--300

 []


Underfull \hbox (badness 10000) in paragraph at lines 289--300

 []


Package fancyhdr Warning: \headheight is too small (14.0pt): 
(fancyhdr)                Make it at least 14.49998pt, for example:
(fancyhdr)                \setlength{\headheight}{14.49998pt}.
(fancyhdr)                You might also make \topmargin smaller to compensate:

(fancyhdr)                \addtolength{\topmargin}{-0.49998pt}.

[53 <./img/reduction_dim/t_sne/eq_prob_1.png (PNG copy)> <./img/reduction_dim/t
_sne/eq_prob_2.png (PNG copy)>]
<./img/reduction_dim/t_sne/eq_prob_4.png, id=456, 113.42375pt x 35.13126pt>
File: ./img/reduction_dim/t_sne/eq_prob_4.png Graphic file (type png)
<use ./img/reduction_dim/t_sne/eq_prob_4.png>
Package pdftex.def Info: ./img/reduction_dim/t_sne/eq_prob_4.png  used on input
 line 309.
(pdftex.def)             Requested size: 100.0pt x 30.97346pt.
<./img/reduction_dim/t_sne/eq_prob_5.png, id=457, 223.83624pt x 33.12375pt>
File: ./img/reduction_dim/t_sne/eq_prob_5.png Graphic file (type png)
<use ./img/reduction_dim/t_sne/eq_prob_5.png>
Package pdftex.def Info: ./img/reduction_dim/t_sne/eq_prob_5.png  used on input
 line 313.
(pdftex.def)             Requested size: 100.0pt x 14.79839pt.
<./img/reduction_dim/t_sne/eq_prob_6.png, id=458, 248.93pt x 49.18375pt>
File: ./img/reduction_dim/t_sne/eq_prob_6.png Graphic file (type png)
<use ./img/reduction_dim/t_sne/eq_prob_6.png>
Package pdftex.def Info: ./img/reduction_dim/t_sne/eq_prob_6.png  used on input
 line 321.
(pdftex.def)             Requested size: 100.0pt x 19.75793pt.
<./img/reduction_dim/t_sne/eq_prob_7.png, id=459, 146.5475pt x 32.12pt>
File: ./img/reduction_dim/t_sne/eq_prob_7.png Graphic file (type png)
<use ./img/reduction_dim/t_sne/eq_prob_7.png>
Package pdftex.def Info: ./img/reduction_dim/t_sne/eq_prob_7.png  used on input
 line 323.
(pdftex.def)             Requested size: 100.0pt x 21.91776pt.
<./img/reduction_dim/t_sne/eq_prob_8.png, id=460, 369.38pt x 76.285pt>
File: ./img/reduction_dim/t_sne/eq_prob_8.png Graphic file (type png)
<use ./img/reduction_dim/t_sne/eq_prob_8.png>
Package pdftex.def Info: ./img/reduction_dim/t_sne/eq_prob_8.png  used on input
 line 331.
(pdftex.def)             Requested size: 100.0pt x 20.65193pt.
<./img/reduction_dim/t_sne/eq_prob_9.png, id=461, 218.8175pt x 36.135pt>
File: ./img/reduction_dim/t_sne/eq_prob_9.png Graphic file (type png)
<use ./img/reduction_dim/t_sne/eq_prob_9.png>
Package pdftex.def Info: ./img/reduction_dim/t_sne/eq_prob_9.png  used on input
 line 335.
(pdftex.def)             Requested size: 100.0pt x 16.51366pt.

Underfull \hbox (badness 10000) in paragraph at lines 308--338

 []


Underfull \hbox (badness 10000) in paragraph at lines 308--338

 []

<./img/reduction_dim/t_sne/eq_red_dim_1.png, id=462, 317.185pt x 78.2925pt>
File: ./img/reduction_dim/t_sne/eq_red_dim_1.png Graphic file (type png)
<use ./img/reduction_dim/t_sne/eq_red_dim_1.png>
Package pdftex.def Info: ./img/reduction_dim/t_sne/eq_red_dim_1.png  used on in
put line 351.
(pdftex.def)             Requested size: 100.0pt x 24.68376pt.
<./img/reduction_dim/t_sne/eq_red_dim_2.png, id=463, 346.29375pt x 68.255pt>
File: ./img/reduction_dim/t_sne/eq_red_dim_2.png Graphic file (type png)
<use ./img/reduction_dim/t_sne/eq_red_dim_2.png>
Package pdftex.def Info: ./img/reduction_dim/t_sne/eq_red_dim_2.png  used on in
put line 355.
(pdftex.def)             Requested size: 100.0pt x 19.71011pt.
<./img/reduction_dim/t_sne/graph.png, id=464, 923.45pt x 923.45pt>
File: ./img/reduction_dim/t_sne/graph.png Graphic file (type png)
<use ./img/reduction_dim/t_sne/graph.png>
Package pdftex.def Info: ./img/reduction_dim/t_sne/graph.png  used on input lin
e 359.
(pdftex.def)             Requested size: 455.24408pt x 455.24214pt.
<./img/reduction_dim/t_sne/eq_red_dim_3.png, id=465, 364.36125pt x 170.6375pt>
File: ./img/reduction_dim/t_sne/eq_red_dim_3.png Graphic file (type png)
<use ./img/reduction_dim/t_sne/eq_red_dim_3.png>
Package pdftex.def Info: ./img/reduction_dim/t_sne/eq_red_dim_3.png  used on in
put line 365.
(pdftex.def)             Requested size: 455.24408pt x 213.20781pt.

Package fancyhdr Warning: \headheight is too small (14.0pt): 
(fancyhdr)                Make it at least 14.49998pt, for example:
(fancyhdr)                \setlength{\headheight}{14.49998pt}.
(fancyhdr)                You might also make \topmargin smaller to compensate:

(fancyhdr)                \addtolength{\topmargin}{-0.49998pt}.

[54 <./img/reduction_dim/t_sne/eq_prob_3.png (PNG copy)> <./img/reduction_dim/t
_sne/eq_prob_4.png (PNG copy)> <./img/reduction_dim/t_sne/eq_prob_5.png (PNG co
py)> <./img/reduction_dim/t_sne/eq_prob_6.png (PNG copy)> <./img/reduction_dim/
t_sne/eq_prob_7.png (PNG copy)> <./img/reduction_dim/t_sne/eq_prob_8.png (PNG c
opy)> <./img/reduction_dim/t_sne/eq_prob_9.png (PNG copy)>]

Package fancyhdr Warning: \headheight is too small (14.0pt): 
(fancyhdr)                Make it at least 14.49998pt, for example:
(fancyhdr)                \setlength{\headheight}{14.49998pt}.
(fancyhdr)                You might also make \topmargin smaller to compensate:

(fancyhdr)                \addtolength{\topmargin}{-0.49998pt}.

[55 <./img/reduction_dim/t_sne/eq_red_dim_1.png (PNG copy)> <./img/reduction_di
m/t_sne/eq_red_dim_2.png (PNG copy)>]

Package fancyhdr Warning: \headheight is too small (14.0pt): 
(fancyhdr)                Make it at least 14.49998pt, for example:
(fancyhdr)                \setlength{\headheight}{14.49998pt}.
(fancyhdr)                You might also make \topmargin smaller to compensate:

(fancyhdr)                \addtolength{\topmargin}{-0.49998pt}.

[56 <./img/reduction_dim/t_sne/graph.png (PNG copy)>]
<./img/reduction_dim/t_sne/desc_grad_1.png, id=481, 424.58624pt x 85.31876pt>
File: ./img/reduction_dim/t_sne/desc_grad_1.png Graphic file (type png)
<use ./img/reduction_dim/t_sne/desc_grad_1.png>
Package pdftex.def Info: ./img/reduction_dim/t_sne/desc_grad_1.png  used on inp
ut line 375.
(pdftex.def)             Requested size: 455.24408pt x 91.48412pt.
<./img/reduction_dim/t_sne/desc_grad_2.png, id=482, 470.75874pt x 73.27374pt>
File: ./img/reduction_dim/t_sne/desc_grad_2.png Graphic file (type png)
<use ./img/reduction_dim/t_sne/desc_grad_2.png>
Package pdftex.def Info: ./img/reduction_dim/t_sne/desc_grad_2.png  used on inp
ut line 379.
(pdftex.def)             Requested size: 455.24408pt x 70.85963pt.
File: ./img/reduction_dim/t_sne/exemple_data.png Graphic file (type png)
<use ./img/reduction_dim/t_sne/exemple_data.png>
Package pdftex.def Info: ./img/reduction_dim/t_sne/exemple_data.png  used on in
put line 389.
(pdftex.def)             Requested size: 455.24408pt x 213.81482pt.
<./img/reduction_dim/t_sne/exemple_data_2.png, id=483, 401.5pt x 401.5pt>
File: ./img/reduction_dim/t_sne/exemple_data_2.png Graphic file (type png)
<use ./img/reduction_dim/t_sne/exemple_data_2.png>
Package pdftex.def Info: ./img/reduction_dim/t_sne/exemple_data_2.png  used on 
input line 391.
(pdftex.def)             Requested size: 455.24408pt x 455.27644pt.

Underfull \hbox (badness 10000) in paragraph at lines 373--392

 []


Underfull \hbox (badness 10000) in paragraph at lines 373--392

 []


Package fancyhdr Warning: \headheight is too small (14.0pt): 
(fancyhdr)                Make it at least 14.49998pt, for example:
(fancyhdr)                \setlength{\headheight}{14.49998pt}.
(fancyhdr)                You might also make \topmargin smaller to compensate:

(fancyhdr)                \addtolength{\topmargin}{-0.49998pt}.

[57 <./img/reduction_dim/t_sne/eq_red_dim_3.png (PNG copy)> <./img/reduction_di
m/t_sne/desc_grad_1.png (PNG copy)> <./img/reduction_dim/t_sne/desc_grad_2.png 
(PNG copy)>]
Underfull \hbox (badness 10000) in paragraph at lines 396--407

 []


Underfull \hbox (badness 10000) in paragraph at lines 396--407

 []


Package fancyhdr Warning: \headheight is too small (14.0pt): 
(fancyhdr)                Make it at least 14.49998pt, for example:
(fancyhdr)                \setlength{\headheight}{14.49998pt}.
(fancyhdr)                You might also make \topmargin smaller to compensate:

(fancyhdr)                \addtolength{\topmargin}{-0.49998pt}.

[58 <./img/reduction_dim/t_sne/exemple_data_2.png (PNG copy)>]

Package fancyhdr Warning: \headheight is too small (14.0pt): 
(fancyhdr)                Make it at least 14.49998pt, for example:
(fancyhdr)                \setlength{\headheight}{14.49998pt}.
(fancyhdr)                You might also make \topmargin smaller to compensate:

(fancyhdr)                \addtolength{\topmargin}{-0.49998pt}.

[59])
Underfull \hbox (badness 10000) in paragraph at lines 419--201

 []


Package fancyhdr Warning: \headheight is too small (14.0pt): 
(fancyhdr)                Make it at least 14.49998pt, for example:
(fancyhdr)                \setlength{\headheight}{14.49998pt}.
(fancyhdr)                You might also make \topmargin smaller to compensate:

(fancyhdr)                \addtolength{\topmargin}{-0.49998pt}.

[60] (Chapitre4/Chapitre4.tex

Package fancyhdr Warning: \headheight is too small (14.0pt): 
(fancyhdr)                Make it at least 14.49998pt, for example:
(fancyhdr)                \setlength{\headheight}{14.49998pt}.
(fancyhdr)                You might also make \topmargin smaller to compensate:

(fancyhdr)                \addtolength{\topmargin}{-0.49998pt}.

[61

]
Underfull \hbox (badness 10000) in paragraph at lines 10--20

 []


Underfull \hbox (badness 10000) in paragraph at lines 10--20

 []


Underfull \hbox (badness 10000) in paragraph at lines 10--20

 []


Underfull \hbox (badness 10000) in paragraph at lines 26--30

 []


Underfull \hbox (badness 1019) in paragraph at lines 26--30
\OT1/cmr/m/n/12 Egalement, il sem-ble-rait que le pla-ce-ment des points dans l
'es-pace de reduction
 []


Package fancyhdr Warning: \headheight is too small (14.0pt): 
(fancyhdr)                Make it at least 14.49998pt, for example:
(fancyhdr)                \setlength{\headheight}{14.49998pt}.
(fancyhdr)                You might also make \topmargin smaller to compensate:

(fancyhdr)                \addtolength{\topmargin}{-0.49998pt}.

[62]
<./img/umap/graph.png, id=511, 692.5875pt x 305.14pt>
File: ./img/umap/graph.png Graphic file (type png)
<use ./img/umap/graph.png>
Package pdftex.def Info: ./img/umap/graph.png  used on input line 54.
(pdftex.def)             Requested size: 455.24408pt x 200.57355pt.

Underfull \hbox (badness 10000) in paragraph at lines 45--59

 []


Underfull \hbox (badness 10000) in paragraph at lines 45--59

 []


Underfull \hbox (badness 10000) in paragraph at lines 45--59

 []


Underfull \hbox (badness 10000) in paragraph at lines 45--59

 []


Underfull \hbox (badness 10000) in paragraph at lines 45--59

 []


Package fancyhdr Warning: \headheight is too small (14.0pt): 
(fancyhdr)                Make it at least 14.49998pt, for example:
(fancyhdr)                \setlength{\headheight}{14.49998pt}.
(fancyhdr)                You might also make \topmargin smaller to compensate:

(fancyhdr)                \addtolength{\topmargin}{-0.49998pt}.

[63 <./img/umap/graph.png>]
<./img/umap/eq_1.png, id=517, 652.4375pt x 66.2475pt>
File: ./img/umap/eq_1.png Graphic file (type png)
<use ./img/umap/eq_1.png>
Package pdftex.def Info: ./img/umap/eq_1.png  used on input line 68.
(pdftex.def)             Requested size: 455.24408pt x 46.22635pt.
<./img/umap/eq_2.png, id=518, 657.45625pt x 57.21375pt>
File: ./img/umap/eq_2.png Graphic file (type png)
<use ./img/umap/eq_2.png>
Package pdftex.def Info: ./img/umap/eq_2.png  used on input line 74.
(pdftex.def)             Requested size: 455.24408pt x 39.61719pt.

Underfull \hbox (badness 10000) in paragraph at lines 61--80

 []


Underfull \hbox (badness 10000) in paragraph at lines 61--80

 []


Underfull \hbox (badness 10000) in paragraph at lines 61--80

 []


Underfull \hbox (badness 10000) in paragraph at lines 61--80

 []


Underfull \hbox (badness 10000) in paragraph at lines 61--80

 []


Underfull \hbox (badness 10000) in paragraph at lines 82--97

 []


Underfull \hbox (badness 10000) in paragraph at lines 82--97

 []


Underfull \hbox (badness 10000) in paragraph at lines 82--97

 []


Underfull \hbox (badness 10000) in paragraph at lines 82--97

 []


Package fancyhdr Warning: \headheight is too small (14.0pt): 
(fancyhdr)                Make it at least 14.49998pt, for example:
(fancyhdr)                \setlength{\headheight}{14.49998pt}.
(fancyhdr)                You might also make \topmargin smaller to compensate:

(fancyhdr)                \addtolength{\topmargin}{-0.49998pt}.

[64 <./img/umap/eq_1.png> <./img/umap/eq_2.png>]
<./img/umap/reduction_dim.png, id=527, 627.34375pt x 143.53625pt>
File: ./img/umap/reduction_dim.png Graphic file (type png)
<use ./img/umap/reduction_dim.png>
Package pdftex.def Info: ./img/umap/reduction_dim.png  used on input line 134.
(pdftex.def)             Requested size: 455.24408pt x 104.16295pt.

Underfull \hbox (badness 10000) in paragraph at lines 126--138

 []


Underfull \hbox (badness 10000) in paragraph at lines 126--138

 []


Underfull \hbox (badness 10000) in paragraph at lines 126--138

 []


Package fancyhdr Warning: \headheight is too small (14.0pt): 
(fancyhdr)                Make it at least 14.49998pt, for example:
(fancyhdr)                \setlength{\headheight}{14.49998pt}.
(fancyhdr)                You might also make \topmargin smaller to compensate:

(fancyhdr)                \addtolength{\topmargin}{-0.49998pt}.

[65 <./img/umap/reduction_dim.png>]
Underfull \hbox (badness 10000) in paragraph at lines 143--150

 []


Underfull \hbox (badness 10000) in paragraph at lines 143--150

 []


Package fancyhdr Warning: \headheight is too small (14.0pt): 
(fancyhdr)                Make it at least 14.49998pt, for example:
(fancyhdr)                \setlength{\headheight}{14.49998pt}.
(fancyhdr)                You might also make \topmargin smaller to compensate:

(fancyhdr)                \addtolength{\topmargin}{-0.49998pt}.

[66])

Package fancyhdr Warning: \headheight is too small (14.0pt): 
(fancyhdr)                Make it at least 14.49998pt, for example:
(fancyhdr)                \setlength{\headheight}{14.49998pt}.
(fancyhdr)                You might also make \topmargin smaller to compensate:

(fancyhdr)                \addtolength{\topmargin}{-0.49998pt}.

[67]

Package fancyhdr Warning: \headheight is too small (14.0pt): 
(fancyhdr)                Make it at least 14.49998pt, for example:
(fancyhdr)                \setlength{\headheight}{14.49998pt}.
(fancyhdr)                You might also make \topmargin smaller to compensate:

(fancyhdr)                \addtolength{\topmargin}{-0.49998pt}.

[68

] (Pages/page_conclu_generale.tex)

Package fancyhdr Warning: \headheight is too small (14.0pt): 
(fancyhdr)                Make it at least 14.49998pt, for example:
(fancyhdr)                \setlength{\headheight}{14.49998pt}.
(fancyhdr)                You might also make \topmargin smaller to compensate:

(fancyhdr)                \addtolength{\topmargin}{-0.49998pt}.

[69]
No file main.bbl.
[70]
Overfull \hbox (2.1485pt too wide) in paragraph at lines 263--271
[]  [] 
 []


Underfull \hbox (badness 10000) in paragraph at lines 263--271

 []


Underfull \hbox (badness 10000) in paragraph at lines 272--273

 []


Underfull \hbox (badness 10000) in paragraph at lines 274--275

 []


Underfull \hbox (badness 10000) in paragraph at lines 276--284

 []


Underfull \hbox (badness 10000) in paragraph at lines 285--286

 []


LaTeX Warning: Command \textdegree invalid in math mode on input line 290.


LaTeX Warning: Command \textdegree invalid in math mode on input line 290.

Missing character: There is no  in font cmr12!
[71] (main.aux)

LaTeX Warning: There were undefined references.

 ) 
Here is how much of TeX's memory you used:
 24631 strings out of 479618
 397669 string characters out of 2865026
 821864 words of memory out of 3000000
 41066 multiletter control sequences out of 15000+200000
 416944 words of font info for 84 fonts, out of 3000000 for 9000
 1141 hyphenation exceptions out of 8191
 73i,13n,77p,3262b,560s stack positions out of 5000i,500n,10000p,200000b,50000s
<C:/Users/abdel/AppData/Local/Programs/MiKTeX/fonts/type1/public/amsfonts/cm/
cmbx10.pfb><C:/Users/abdel/AppData/Local/Programs/MiKTeX/fonts/type1/public/ams
fonts/cm/cmbx12.pfb><C:/Users/abdel/AppData/Local/Programs/MiKTeX/fonts/type1/p
ublic/amsfonts/cm/cmbxti10.pfb><C:/Users/abdel/AppData/Local/Programs/MiKTeX/fo
nts/type1/public/amsfonts/cm/cmcsc10.pfb><C:/Users/abdel/AppData/Local/Programs
/MiKTeX/fonts/type1/public/amsfonts/cm/cmex10.pfb><C:/Users/abdel/AppData/Local
/Programs/MiKTeX/fonts/type1/public/amsfonts/cm/cmmi12.pfb><C:/Users/abdel/AppD
ata/Local/Programs/MiKTeX/fonts/type1/public/amsfonts/cm/cmmi6.pfb><C:/Users/ab
del/AppData/Local/Programs/MiKTeX/fonts/type1/public/amsfonts/cm/cmmi8.pfb><C:/
Users/abdel/AppData/Local/Programs/MiKTeX/fonts/type1/public/amsfonts/cm/cmr10.
pfb><C:/Users/abdel/AppData/Local/Programs/MiKTeX/fonts/type1/public/amsfonts/c
m/cmr12.pfb><C:/Users/abdel/AppData/Local/Programs/MiKTeX/fonts/type1/public/am
sfonts/cm/cmr6.pfb><C:/Users/abdel/AppData/Local/Programs/MiKTeX/fonts/type1/pu
blic/amsfonts/cm/cmr8.pfb><C:/Users/abdel/AppData/Local/Programs/MiKTeX/fonts/t
ype1/public/amsfonts/cm/cmsy10.pfb><C:/Users/abdel/AppData/Local/Programs/MiKTe
X/fonts/type1/public/amsfonts/cm/cmsy6.pfb><C:/Users/abdel/AppData/Local/Progra
ms/MiKTeX/fonts/type1/public/amsfonts/cm/cmsy8.pfb><C:/Users/abdel/AppData/Loca
l/Programs/MiKTeX/fonts/type1/public/amsfonts/cm/cmti12.pfb><C:/Users/abdel/App
Data/Local/Programs/MiKTeX/fonts/type1/public/amsfonts/symbols/msam10.pfb><C:/U
sers/abdel/AppData/Local/Programs/MiKTeX/fonts/type1/public/amsfonts/symbols/ms
bm10.pfb>
Output written on main.pdf (77 pages, 3631328 bytes).
PDF statistics:
 663 PDF objects out of 1000 (max. 8388607)
 169 named destinations out of 1000 (max. 500000)
 246 words of extra memory for PDF output out of 10000 (max. 10000000)

